TN:
SF:/home/urvish/summernote/src/js/base/Context.js
FN:6,(anonymous_1)
FN:12,(anonymous_2)
FN:24,(anonymous_3)
FN:34,(anonymous_4)
FN:43,(anonymous_5)
FN:54,(anonymous_6)
FN:57,(anonymous_7)
FN:64,(anonymous_8)
FN:68,(anonymous_9)
FN:73,(anonymous_10)
FN:75,(anonymous_11)
FN:79,(anonymous_12)
FN:84,(anonymous_13)
FN:101,(anonymous_14)
FN:105,(anonymous_15)
FN:110,(anonymous_16)
FN:119,(anonymous_17)
FN:130,(anonymous_18)
FN:148,(anonymous_19)
FN:160,(anonymous_20)
FN:175,(anonymous_21)
FN:182,(anonymous_22)
FN:190,(anonymous_23)
FN:191,(anonymous_24)
FN:197,(anonymous_25)
FNF:25
FNH:24
FNDA:1,(anonymous_1)
FNDA:34,(anonymous_2)
FNDA:43,(anonymous_3)
FNDA:1,(anonymous_4)
FNDA:1,(anonymous_5)
FNDA:44,(anonymous_6)
FNDA:0,(anonymous_7)
FNDA:880,(anonymous_8)
FNDA:880,(anonymous_9)
FNDA:2,(anonymous_10)
FNDA:40,(anonymous_11)
FNDA:146,(anonymous_12)
FNDA:6,(anonymous_13)
FNDA:7,(anonymous_14)
FNDA:1,(anonymous_15)
FNDA:3,(anonymous_16)
FNDA:119,(anonymous_17)
FNDA:880,(anonymous_18)
FNDA:880,(anonymous_19)
FNDA:40,(anonymous_20)
FNDA:5590,(anonymous_21)
FNDA:146,(anonymous_22)
FNDA:1366,(anonymous_23)
FNDA:6,(anonymous_24)
FNDA:504,(anonymous_25)
DA:1,1
DA:12,1
DA:13,34
DA:15,34
DA:16,34
DA:17,34
DA:18,34
DA:19,34
DA:24,34
DA:25,43
DA:26,43
DA:27,43
DA:28,43
DA:34,34
DA:35,1
DA:36,1
DA:37,1
DA:43,34
DA:44,1
DA:45,1
DA:46,1
DA:47,1
DA:49,1
DA:50,1
DA:54,34
DA:56,44
DA:57,44
DA:58,0
DA:61,44
DA:64,44
DA:65,880
DA:68,44
DA:69,880
DA:73,34
DA:75,2
DA:76,40
DA:79,2
DA:80,146
DA:84,34
DA:85,6
DA:87,6
DA:88,2
DA:89,2
DA:91,4
DA:92,0
DA:94,4
DA:96,4
DA:97,4
DA:101,34
DA:102,7
DA:105,34
DA:106,1
DA:107,1
DA:110,34
DA:112,3
DA:113,0
DA:115,3
DA:116,3
DA:119,34
DA:120,119
DA:121,119
DA:123,119
DA:124,119
DA:125,0
DA:127,119
DA:130,34
DA:131,880
DA:132,880
DA:133,880
DA:134,176
DA:138,704
DA:139,616
DA:143,704
DA:144,176
DA:148,34
DA:149,880
DA:150,0
DA:153,880
DA:155,880
DA:156,0
DA:160,34
DA:161,40
DA:162,40
DA:163,32
DA:164,8
DA:167,32
DA:168,30
DA:172,40
DA:175,34
DA:176,5590
DA:177,2378
DA:179,3212
DA:182,34
DA:183,146
DA:184,0
DA:187,146
DA:190,34
DA:191,1366
DA:192,6
DA:193,6
DA:197,34
DA:198,504
DA:199,504
DA:201,504
DA:202,504
DA:203,504
DA:204,504
DA:206,504
DA:207,504
DA:208,2
DA:209,502
DA:210,502
DA:214,34
DA:217,1
LF:114
LH:107
BRDA:49,1,0,1
BRDA:49,1,1,0
BRDA:61,2,0,44
BRDA:61,2,1,0
BRDA:87,3,0,2
BRDA:87,3,1,4
BRDA:89,4,0,0
BRDA:89,4,1,2
BRDA:91,5,0,0
BRDA:91,5,1,4
BRDA:112,6,0,0
BRDA:112,6,1,3
BRDA:124,7,0,0
BRDA:124,7,1,119
BRDA:132,8,0,880
BRDA:132,8,1,572
BRDA:133,9,0,176
BRDA:133,9,1,704
BRDA:138,10,0,616
BRDA:138,10,1,88
BRDA:143,11,0,176
BRDA:143,11,1,528
BRDA:149,12,0,0
BRDA:149,12,1,880
BRDA:155,13,0,0
BRDA:155,13,1,880
BRDA:162,14,0,32
BRDA:162,14,1,8
BRDA:163,15,0,8
BRDA:163,15,1,24
BRDA:167,16,0,30
BRDA:167,16,1,2
BRDA:176,17,0,2378
BRDA:176,17,1,3212
BRDA:183,18,0,0
BRDA:183,18,1,146
BRDA:183,19,0,146
BRDA:183,19,1,134
BRDA:193,20,0,6
BRDA:193,20,1,6
BRDA:203,21,0,504
BRDA:203,21,1,501
BRDA:204,22,0,501
BRDA:204,22,1,3
BRDA:206,23,0,504
BRDA:206,23,1,3
BRDA:207,24,0,2
BRDA:207,24,1,502
BRDA:207,25,0,504
BRDA:207,25,1,3
BRDA:209,26,0,502
BRDA:209,26,1,0
BRDA:209,27,0,502
BRDA:209,27,1,502
BRDA:209,27,2,502
BRF:55
BRH:45
end_of_record
TN:
SF:/home/urvish/summernote/src/js/base/core/agent.js
FN:1,(anonymous_1)
FN:10,(anonymous_2)
FNF:2
FNH:2
FNDA:1,(anonymous_1)
FNDA:504,(anonymous_2)
DA:1,1
DA:2,1
DA:10,1
DA:11,504
DA:12,504
DA:19,504
DA:20,504
DA:22,504
DA:24,504
DA:27,1
DA:28,1
DA:29,1
DA:30,1
DA:31,0
DA:32,0
DA:33,0
DA:35,0
DA:36,0
DA:37,0
DA:41,1
DA:43,1
DA:44,1
DA:45,1
DA:46,0
DA:49,0
DA:50,0
DA:54,1
DA:55,1
DA:67,1
DA:84,1
LF:30
LH:21
BRDA:2,1,0,1
BRDA:2,1,1,1
BRDA:11,2,0,44
BRDA:11,2,1,460
BRDA:30,3,0,0
BRDA:30,3,1,1
BRDA:32,4,0,0
BRDA:32,4,1,0
BRDA:36,5,0,0
BRDA:36,5,1,0
BRDA:44,6,0,1
BRDA:44,6,1,0
BRDA:44,7,0,1
BRDA:44,7,1,1
BRDA:44,7,2,1
BRDA:45,8,0,0
BRDA:45,8,1,1
BRDA:54,9,0,1
BRDA:54,9,1,0
BRDA:71,10,0,1
BRDA:71,10,1,1
BRDA:73,11,0,1
BRDA:73,11,1,1
BRDA:74,12,0,1
BRDA:74,12,1,1
BRDA:75,13,0,1
BRDA:75,13,1,1
BRF:27
BRH:19
end_of_record
TN:
SF:/home/urvish/summernote/src/js/base/core/async.js
FN:1,(anonymous_1)
FN:10,(anonymous_2)
FN:19,(anonymous_3)
FN:20,(anonymous_4)
FN:22,(anonymous_5)
FN:26,(anonymous_6)
FN:41,(anonymous_7)
FN:42,(anonymous_8)
FN:45,(anonymous_9)
FN:48,(anonymous_10)
FNF:10
FNH:2
FNDA:1,(anonymous_1)
FNDA:1,(anonymous_2)
FNDA:0,(anonymous_3)
FNDA:0,(anonymous_4)
FNDA:0,(anonymous_5)
FNDA:0,(anonymous_6)
FNDA:0,(anonymous_7)
FNDA:0,(anonymous_8)
FNDA:0,(anonymous_9)
FNDA:0,(anonymous_10)
DA:1,1
DA:10,1
DA:19,1
DA:20,0
DA:21,0
DA:23,0
DA:24,0
DA:27,0
DA:41,1
DA:42,0
DA:43,0
DA:45,0
DA:46,0
DA:47,0
DA:49,0
DA:50,0
DA:57,1
DA:63,1
LF:18
LH:6
BRF:0
BRH:0
end_of_record
TN:
SF:/home/urvish/summernote/src/js/base/core/dom.js
FN:5,(anonymous_1)
FN:18,(anonymous_2)
FN:27,(anonymous_3)
FN:39,(anonymous_4)
FN:51,(anonymous_5)
FN:53,(anonymous_6)
FN:66,(anonymous_7)
FN:78,(anonymous_8)
FN:86,(anonymous_9)
FN:90,(anonymous_10)
FN:99,(anonymous_11)
FN:107,(anonymous_12)
FN:115,(anonymous_13)
FN:125,(anonymous_14)
FN:131,(anonymous_15)
FN:137,(anonymous_16)
FN:143,(anonymous_17)
FN:147,(anonymous_18)
FN:160,(anonymous_19)
FN:172,(anonymous_20)
FN:200,(anonymous_21)
FN:219,(anonymous_22)
FN:238,(anonymous_23)
FN:250,(anonymous_24)
FN:266,(anonymous_25)
FN:285,(anonymous_26)
FN:289,(anonymous_27)
FN:302,(anonymous_28)
FN:313,(anonymous_29)
FN:327,(anonymous_30)
FN:345,(anonymous_31)
FN:363,(anonymous_32)
FN:368,fnWalk
FN:387,(anonymous_34)
FN:403,(anonymous_35)
FN:419,(anonymous_36)
FN:420,(anonymous_37)
FN:432,(anonymous_38)
FN:442,(anonymous_39)
FN:452,(anonymous_40)
FN:463,(anonymous_41)
FN:481,(anonymous_42)
FN:501,(anonymous_43)
FN:511,(anonymous_44)
FN:520,(anonymous_45)
FN:528,(anonymous_46)
FN:539,(anonymous_47)
FN:570,(anonymous_48)
FN:601,(anonymous_49)
FN:611,(anonymous_50)
FN:632,(anonymous_51)
FN:651,(anonymous_52)
FN:669,(anonymous_53)
FN:686,(anonymous_54)
FN:711,(anonymous_55)
FN:724,(anonymous_56)
FN:747,(anonymous_57)
FN:789,(anonymous_58)
FN:799,(anonymous_59)
FN:818,(anonymous_60)
FN:852,(anonymous_61)
FN:856,(anonymous_62)
FN:868,(anonymous_63)
FN:894,(anonymous_64)
FN:915,(anonymous_65)
FN:939,(anonymous_66)
FN:955,(anonymous_67)
FN:960,(anonymous_68)
FN:974,(anonymous_69)
FN:985,(anonymous_70)
FN:986,(anonymous_71)
FN:991,(anonymous_72)
FN:992,(anonymous_73)
FNF:73
FNH:67
FNDA:1,(anonymous_1)
FNDA:1,(anonymous_2)
FNDA:2936,(anonymous_3)
FNDA:0,(anonymous_4)
FNDA:24,(anonymous_5)
FNDA:1497,(anonymous_6)
FNDA:2911,(anonymous_7)
FNDA:36,(anonymous_8)
FNDA:682,(anonymous_9)
FNDA:644,(anonymous_10)
FNDA:2,(anonymous_11)
FNDA:7,(anonymous_12)
FNDA:288,(anonymous_13)
FNDA:371,(anonymous_14)
FNDA:356,(anonymous_15)
FNDA:355,(anonymous_16)
FNDA:73,(anonymous_17)
FNDA:0,(anonymous_18)
FNDA:0,(anonymous_19)
FNDA:2,(anonymous_20)
FNDA:1279,(anonymous_21)
FNDA:418,(anonymous_22)
FNDA:50,(anonymous_23)
FNDA:591,(anonymous_24)
FNDA:9,(anonymous_25)
FNDA:307,(anonymous_26)
FNDA:713,(anonymous_27)
FNDA:1,(anonymous_28)
FNDA:4,(anonymous_29)
FNDA:29,(anonymous_30)
FNDA:58,(anonymous_31)
FNDA:11,(anonymous_32)
FNDA:25,fnWalk
FNDA:12,(anonymous_34)
FNDA:38,(anonymous_35)
FNDA:42,(anonymous_36)
FNDA:43,(anonymous_37)
FNDA:395,(anonymous_38)
FNDA:379,(anonymous_39)
FNDA:190,(anonymous_40)
FNDA:15,(anonymous_41)
FNDA:55,(anonymous_42)
FNDA:75,(anonymous_43)
FNDA:71,(anonymous_44)
FNDA:251,(anonymous_45)
FNDA:709,(anonymous_46)
FNDA:199,(anonymous_47)
FNDA:134,(anonymous_48)
FNDA:120,(anonymous_49)
FNDA:691,(anonymous_50)
FNDA:67,(anonymous_51)
FNDA:16,(anonymous_52)
FNDA:21,(anonymous_53)
FNDA:28,(anonymous_54)
FNDA:179,(anonymous_55)
FNDA:20,(anonymous_56)
FNDA:58,(anonymous_57)
FNDA:35,(anonymous_58)
FNDA:23,(anonymous_59)
FNDA:25,(anonymous_60)
FNDA:9,(anonymous_61)
FNDA:5,(anonymous_62)
FNDA:16,(anonymous_63)
FNDA:0,(anonymous_64)
FNDA:4,(anonymous_65)
FNDA:46,(anonymous_66)
FNDA:45,(anonymous_67)
FNDA:0,(anonymous_68)
FNDA:0,(anonymous_69)
FNDA:176,(anonymous_70)
FNDA:308,(anonymous_71)
FNDA:8,(anonymous_72)
FNDA:14,(anonymous_73)
DA:1,1
DA:7,1
DA:8,1
DA:18,1
DA:27,1
DA:28,2936
DA:39,1
DA:40,0
DA:51,1
DA:52,24
DA:53,24
DA:54,1497
DA:66,1
DA:67,2911
DA:78,1
DA:79,36
DA:86,1
DA:87,682
DA:90,1
DA:91,644
DA:92,35
DA:96,609
DA:99,1
DA:100,2
DA:103,1
DA:105,1
DA:107,1
DA:108,7
DA:111,1
DA:113,1
DA:115,1
DA:116,288
DA:125,1
DA:126,371
DA:129,1
DA:131,1
DA:132,356
DA:135,1
DA:137,1
DA:138,355
DA:141,1
DA:143,1
DA:144,73
DA:147,1
DA:148,0
DA:151,1
DA:160,1
DA:161,0
DA:172,1
DA:173,2
DA:175,2
DA:176,2
DA:177,0
DA:179,2
DA:180,2
DA:181,1
DA:183,2
DA:191,1
DA:200,1
DA:201,1279
DA:202,413
DA:205,866
DA:206,866
DA:209,0
DA:219,1
DA:220,418
DA:222,418
DA:223,1
DA:224,417
DA:226,24
DA:227,393
DA:229,0
DA:232,393
DA:238,1
DA:239,50
DA:240,11
DA:250,1
DA:251,591
DA:252,1400
DA:253,936
DA:255,811
DA:257,127
DA:266,1
DA:267,9
DA:269,9
DA:270,10
DA:271,4
DA:272,2
DA:274,1
DA:276,7
DA:285,1
DA:286,307
DA:288,307
DA:289,307
DA:290,713
DA:291,493
DA:294,713
DA:296,307
DA:302,1
DA:303,1
DA:304,1
DA:313,1
DA:314,4
DA:315,4
DA:316,9
DA:318,0
DA:327,1
DA:328,29
DA:330,29
DA:331,29
DA:332,33
DA:333,11
DA:334,11
DA:336,29
DA:345,1
DA:346,58
DA:348,58
DA:349,58
DA:350,40
DA:351,39
DA:352,39
DA:354,58
DA:363,1
DA:364,11
DA:365,11
DA:368,11
DA:369,25
DA:370,7
DA:372,25
DA:373,14
DA:377,11
DA:387,1
DA:388,12
DA:389,12
DA:391,12
DA:392,12
DA:394,12
DA:403,1
DA:404,38
DA:405,38
DA:406,11
DA:408,27
DA:410,38
DA:419,1
DA:420,42
DA:421,43
DA:423,42
DA:432,1
DA:433,395
DA:442,1
DA:443,379
DA:452,1
DA:453,190
DA:463,1
DA:464,15
DA:465,2
DA:466,1
DA:468,1
DA:471,14
DA:481,1
DA:482,55
DA:483,0
DA:485,55
DA:486,2
DA:487,1
DA:489,1
DA:492,54
DA:501,1
DA:502,75
DA:511,1
DA:512,71
DA:520,1
DA:521,251
DA:522,251
DA:523,63
DA:525,251
DA:528,1
DA:529,709
DA:539,1
DA:540,199
DA:542,199
DA:543,8
DA:544,0
DA:547,8
DA:548,8
DA:549,191
DA:550,176
DA:551,176
DA:553,15
DA:554,15
DA:557,199
DA:570,1
DA:571,134
DA:573,134
DA:574,14
DA:575,0
DA:578,14
DA:579,14
DA:580,120
DA:581,49
DA:582,49
DA:584,71
DA:585,71
DA:588,134
DA:601,1
DA:602,120
DA:611,1
DA:612,691
DA:613,325
DA:616,366
DA:617,366
DA:618,366
DA:619,1
DA:622,365
DA:632,1
DA:633,67
DA:634,146
DA:635,67
DA:638,79
DA:641,0
DA:651,1
DA:652,16
DA:653,25
DA:654,16
DA:657,9
DA:660,0
DA:669,1
DA:670,21
DA:671,0
DA:674,21
DA:675,21
DA:686,1
DA:687,28
DA:689,28
DA:690,120
DA:692,120
DA:693,28
DA:696,92
DA:699,92
DA:711,1
DA:712,179
DA:713,179
DA:724,1
DA:725,20
DA:726,20
DA:727,20
DA:728,0
DA:730,20
DA:733,20
DA:747,1
DA:748,58
DA:749,58
DA:752,58
DA:753,20
DA:754,1
DA:755,19
DA:756,19
DA:761,38
DA:762,9
DA:764,29
DA:765,29
DA:766,29
DA:768,29
DA:769,25
DA:770,25
DA:773,29
DA:789,1
DA:791,35
DA:793,35
DA:794,0
DA:795,35
DA:796,17
DA:799,18
DA:800,23
DA:801,18
DA:804,23
DA:818,1
DA:822,25
DA:823,25
DA:824,25
DA:826,25
DA:827,25
DA:828,20
DA:829,20
DA:831,5
DA:832,5
DA:836,25
DA:842,25
DA:843,4
DA:846,25
DA:852,1
DA:853,9
DA:856,1
DA:857,5
DA:868,1
DA:869,16
DA:870,15
DA:872,15
DA:873,15
DA:874,11
DA:875,11
DA:876,11
DA:877,0
DA:880,11
DA:881,0
DA:885,15
DA:894,1
DA:895,0
DA:896,0
DA:897,0
DA:900,0
DA:901,0
DA:902,0
DA:915,1
DA:916,4
DA:917,0
DA:920,4
DA:922,4
DA:923,0
DA:926,4
DA:927,4
DA:928,4
DA:930,4
DA:933,1
DA:939,1
DA:940,46
DA:941,46
DA:942,0
DA:944,46
DA:955,1
DA:956,45
DA:958,45
DA:959,0
DA:960,0
DA:961,0
DA:962,0
DA:964,0
DA:966,0
DA:968,0
DA:971,45
DA:974,1
DA:975,0
DA:976,0
DA:977,0
DA:979,0
DA:985,1
DA:986,176
DA:987,308
DA:991,1
DA:992,8
DA:993,14
DA:997,1
DA:1088,1
LF:353
LH:316
BRDA:28,1,0,2936
BRDA:28,1,1,2936
BRDA:40,2,0,0
BRDA:40,2,1,0
BRDA:54,3,0,1497
BRDA:54,3,1,1397
BRDA:67,4,0,2911
BRDA:67,4,1,2911
BRDA:79,5,0,36
BRDA:79,5,1,36
BRDA:87,6,0,682
BRDA:87,6,1,682
BRDA:91,7,0,35
BRDA:91,7,1,609
BRDA:96,8,0,609
BRDA:96,8,1,609
BRDA:100,9,0,2
BRDA:100,9,1,2
BRDA:108,10,0,7
BRDA:108,10,1,7
BRDA:116,11,0,288
BRDA:116,11,1,210
BRDA:116,11,2,210
BRDA:116,11,3,209
BRDA:116,11,4,132
BRDA:116,11,5,131
BRDA:116,11,6,131
BRDA:126,12,0,371
BRDA:126,12,1,365
BRDA:132,13,0,356
BRDA:132,13,1,356
BRDA:138,14,0,355
BRDA:138,14,1,355
BRDA:138,14,2,355
BRDA:144,15,0,73
BRDA:144,15,1,46
BRDA:148,16,0,0
BRDA:148,16,1,0
BRDA:161,17,0,0
BRDA:161,17,1,0
BRDA:173,18,0,2
BRDA:173,18,1,0
BRDA:176,19,0,0
BRDA:176,19,1,2
BRDA:176,20,0,2
BRDA:176,20,1,0
BRDA:180,21,0,1
BRDA:180,21,1,1
BRDA:180,22,0,2
BRDA:180,22,1,2
BRDA:191,23,0,0
BRDA:191,23,1,1
BRDA:191,24,0,1
BRDA:191,24,1,0
BRDA:201,25,0,413
BRDA:201,25,1,866
BRDA:205,26,0,866
BRDA:205,26,1,0
BRDA:222,27,0,1
BRDA:222,27,1,417
BRDA:224,28,0,24
BRDA:224,28,1,393
BRDA:224,29,0,417
BRDA:224,29,1,417
BRDA:224,29,2,359
BRDA:227,30,0,0
BRDA:227,30,1,393
BRDA:227,31,0,393
BRDA:227,31,1,138
BRDA:239,32,0,11
BRDA:239,32,1,39
BRDA:239,33,0,50
BRDA:239,33,1,50
BRDA:252,34,0,464
BRDA:252,34,1,936
BRDA:253,35,0,125
BRDA:253,35,1,811
BRDA:270,36,0,6
BRDA:270,36,1,4
BRDA:271,37,0,2
BRDA:271,37,1,2
BRDA:272,38,0,1
BRDA:272,38,1,1
BRDA:286,39,0,307
BRDA:286,39,1,5
BRDA:290,40,0,493
BRDA:290,40,1,220
BRDA:316,41,0,4
BRDA:316,41,1,5
BRDA:328,42,0,29
BRDA:328,42,1,2
BRDA:332,43,0,22
BRDA:332,43,1,11
BRDA:346,44,0,58
BRDA:346,44,1,31
BRDA:350,45,0,1
BRDA:350,45,1,39
BRDA:365,46,0,11
BRDA:365,46,1,1
BRDA:369,47,0,7
BRDA:369,47,1,18
BRDA:369,48,0,25
BRDA:369,48,1,14
BRDA:405,49,0,11
BRDA:405,49,1,27
BRDA:453,50,0,190
BRDA:453,50,1,128
BRDA:464,51,0,16
BRDA:464,51,1,16
BRDA:465,52,0,1
BRDA:465,52,1,1
BRDA:482,53,0,0
BRDA:482,53,1,55
BRDA:485,54,0,56
BRDA:485,54,1,56
BRDA:486,55,0,1
BRDA:486,55,1,1
BRDA:502,56,0,75
BRDA:502,56,1,15
BRDA:512,57,0,71
BRDA:512,57,1,55
BRDA:529,58,0,709
BRDA:529,58,1,709
BRDA:529,58,2,709
BRDA:542,59,0,8
BRDA:542,59,1,191
BRDA:543,60,0,0
BRDA:543,60,1,8
BRDA:549,61,0,176
BRDA:549,61,1,15
BRDA:554,62,0,0
BRDA:554,62,1,15
BRDA:573,63,0,14
BRDA:573,63,1,120
BRDA:574,64,0,0
BRDA:574,64,1,14
BRDA:580,65,0,49
BRDA:580,65,1,71
BRDA:585,66,0,1
BRDA:585,66,1,70
BRDA:602,67,0,120
BRDA:602,67,1,76
BRDA:612,68,0,325
BRDA:612,68,1,366
BRDA:612,69,0,691
BRDA:612,69,1,398
BRDA:612,69,2,384
BRDA:618,70,0,1
BRDA:618,70,1,365
BRDA:618,71,0,366
BRDA:618,71,1,298
BRDA:618,71,2,73
BRDA:618,71,3,72
BRDA:634,72,0,67
BRDA:634,72,1,79
BRDA:653,73,0,16
BRDA:653,73,1,9
BRDA:670,74,0,0
BRDA:670,74,1,21
BRDA:675,75,0,21
BRDA:675,75,1,18
BRDA:675,75,2,17
BRDA:692,76,0,28
BRDA:692,76,1,92
BRDA:696,77,0,92
BRDA:696,77,1,92
BRDA:696,77,2,26
BRDA:727,78,0,0
BRDA:727,78,1,20
BRDA:748,79,0,58
BRDA:748,79,1,34
BRDA:749,80,0,58
BRDA:749,80,1,34
BRDA:752,81,0,20
BRDA:752,81,1,38
BRDA:752,82,0,58
BRDA:752,82,1,33
BRDA:752,82,2,15
BRDA:753,83,0,1
BRDA:753,83,1,19
BRDA:755,84,0,19
BRDA:755,84,1,0
BRDA:761,85,0,9
BRDA:761,85,1,29
BRDA:768,86,0,25
BRDA:768,86,1,4
BRDA:793,87,0,0
BRDA:793,87,1,35
BRDA:795,88,0,17
BRDA:795,88,1,18
BRDA:800,89,0,18
BRDA:800,89,1,5
BRDA:806,90,0,16
BRDA:806,90,1,7
BRDA:822,91,0,20
BRDA:822,91,1,5
BRDA:824,92,0,25
BRDA:824,92,1,0
BRDA:827,93,0,20
BRDA:827,93,1,5
BRDA:836,94,0,25
BRDA:836,94,1,21
BRDA:842,95,0,4
BRDA:842,95,1,21
BRDA:842,96,0,25
BRDA:842,96,1,13
BRDA:869,97,0,1
BRDA:869,97,1,15
BRDA:869,98,0,16
BRDA:869,98,1,16
BRDA:870,99,0,0
BRDA:870,99,1,15
BRDA:873,100,0,11
BRDA:873,100,1,4
BRDA:896,101,0,0
BRDA:896,101,1,0
BRDA:896,102,0,0
BRDA:896,102,1,0
BRDA:916,103,0,0
BRDA:916,103,1,4
BRDA:922,104,0,0
BRDA:922,104,1,4
BRDA:940,105,0,1
BRDA:940,105,1,45
BRDA:941,106,0,0
BRDA:941,106,1,46
BRDA:958,107,0,0
BRDA:958,107,1,45
BRDA:962,108,0,0
BRDA:962,108,1,0
BRDA:966,109,0,0
BRDA:966,109,1,0
BRDA:966,110,0,0
BRDA:966,110,1,0
BRF:234
BRH:197
end_of_record
TN:
SF:/home/urvish/summernote/src/js/base/core/func.js
FN:1,(anonymous_1)
FN:10,(anonymous_2)
FN:11,(anonymous_3)
FN:12,(anonymous_4)
FN:17,(anonymous_5)
FN:21,(anonymous_6)
FN:22,(anonymous_7)
FN:27,(anonymous_8)
FN:31,(anonymous_9)
FN:35,(anonymous_10)
FN:36,(anonymous_11)
FN:41,(anonymous_12)
FN:42,(anonymous_13)
FN:47,(anonymous_14)
FN:51,(anonymous_15)
FN:52,(anonymous_16)
FN:64,(anonymous_17)
FN:82,(anonymous_18)
FN:97,(anonymous_19)
FN:112,(anonymous_20)
FN:114,(anonymous_21)
FN:129,(anonymous_22)
FN:131,(anonymous_23)
FN:133,(anonymous_24)
FNF:24
FNH:23
FNDA:1,(anonymous_1)
FNDA:1,(anonymous_2)
FNDA:217,(anonymous_3)
FNDA:436,(anonymous_4)
FNDA:2,(anonymous_5)
FNDA:10,(anonymous_6)
FNDA:2,(anonymous_7)
FNDA:1061,(anonymous_8)
FNDA:66,(anonymous_9)
FNDA:28,(anonymous_10)
FNDA:142,(anonymous_11)
FNDA:5,(anonymous_12)
FNDA:8,(anonymous_13)
FNDA:3,(anonymous_14)
FNDA:266,(anonymous_15)
FNDA:2,(anonymous_16)
FNDA:3,(anonymous_17)
FNDA:0,(anonymous_18)
FNDA:46,(anonymous_19)
FNDA:121,(anonymous_20)
FNDA:160,(anonymous_21)
FNDA:47,(anonymous_22)
FNDA:14,(anonymous_23)
FNDA:11,(anonymous_24)
DA:1,1
DA:10,1
DA:11,1
DA:12,217
DA:13,436
DA:17,1
DA:18,2
DA:21,1
DA:22,10
DA:23,2
DA:27,1
DA:28,1061
DA:31,1
DA:32,66
DA:35,1
DA:36,28
DA:37,142
DA:41,1
DA:42,5
DA:43,8
DA:47,1
DA:48,3
DA:51,1
DA:52,266
DA:53,2
DA:57,1
DA:64,1
DA:65,3
DA:66,3
DA:82,1
DA:83,0
DA:84,0
DA:97,1
DA:98,46
DA:99,46
DA:100,1223
DA:101,1223
DA:104,46
DA:112,1
DA:113,121
DA:114,121
DA:115,160
DA:129,1
DA:130,47
DA:131,47
DA:132,14
DA:133,14
DA:134,11
DA:135,11
DA:136,11
DA:139,14
DA:140,14
DA:141,14
DA:142,14
DA:143,0
DA:148,1
DA:166,1
LF:57
LH:54
BRDA:43,1,0,8
BRDA:43,1,1,2
BRDA:66,2,0,3
BRDA:66,2,1,0
BRDA:100,3,0,1223
BRDA:100,3,1,0
BRDA:113,4,0,121
BRDA:113,4,1,1
BRDA:135,5,0,11
BRDA:135,5,1,0
BRDA:139,6,0,14
BRDA:139,6,1,0
BRDA:142,7,0,0
BRDA:142,7,1,14
BRF:14
BRH:9
end_of_record
TN:
SF:/home/urvish/summernote/src/js/base/core/key.js
FN:4,(anonymous_1)
FN:13,(anonymous_2)
FN:64,(anonymous_3)
FN:78,(anonymous_4)
FNF:4
FNH:4
FNDA:1,(anonymous_1)
FNDA:1,(anonymous_2)
FNDA:2,(anonymous_3)
FNDA:1,(anonymous_4)
DA:1,1
DA:13,1
DA:14,1
DA:57,1
DA:65,2
DA:79,1
DA:95,1
LF:7
LH:7
BRF:0
BRH:0
end_of_record
TN:
SF:/home/urvish/summernote/src/js/base/core/list.js
FN:1,(anonymous_1)
FN:10,(anonymous_2)
FN:16,(anonymous_3)
FN:25,(anonymous_4)
FN:34,(anonymous_5)
FN:43,(anonymous_6)
FN:50,(anonymous_7)
FN:62,(anonymous_8)
FN:74,(anonymous_9)
FN:81,(anonymous_10)
FN:91,(anonymous_11)
FN:93,(anonymous_12)
FN:102,(anonymous_13)
FN:113,(anonymous_14)
FN:124,(anonymous_15)
FN:127,(anonymous_16)
FN:144,(anonymous_17)
FN:157,(anonymous_18)
FN:173,(anonymous_19)
FN:184,(anonymous_20)
FNF:20
FNH:18
FNDA:1,(anonymous_1)
FNDA:1,(anonymous_2)
FNDA:1168,(anonymous_3)
FNDA:588,(anonymous_4)
FNDA:1,(anonymous_5)
FNDA:649,(anonymous_6)
FNDA:43,(anonymous_7)
FNDA:395,(anonymous_8)
FNDA:150,(anonymous_9)
FNDA:150,(anonymous_10)
FNDA:2,(anonymous_11)
FNDA:6,(anonymous_12)
FNDA:636,(anonymous_13)
FNDA:143,(anonymous_14)
FNDA:10,(anonymous_15)
FNDA:8,(anonymous_16)
FNDA:3,(anonymous_17)
FNDA:29,(anonymous_18)
FNDA:0,(anonymous_19)
FNDA:0,(anonymous_20)
DA:1,1
DA:10,1
DA:16,1
DA:17,1168
DA:25,1
DA:26,588
DA:34,1
DA:35,1
DA:43,1
DA:44,649
DA:50,1
DA:51,43
DA:52,44
DA:53,44
DA:54,41
DA:62,1
DA:63,395
DA:64,400
DA:65,256
DA:68,139
DA:74,1
DA:75,150
DA:81,1
DA:82,150
DA:91,1
DA:92,2
DA:93,2
DA:94,6
DA:102,1
DA:103,636
DA:104,636
DA:105,1094
DA:107,636
DA:113,1
DA:114,143
DA:124,1
DA:125,10
DA:126,10
DA:127,10
DA:128,8
DA:129,8
DA:130,3
DA:132,5
DA:134,8
DA:144,1
DA:145,3
DA:146,3
DA:147,12
DA:149,3
DA:157,1
DA:158,29
DA:160,29
DA:161,71
DA:162,37
DA:166,29
DA:173,1
DA:174,0
DA:175,0
DA:177,0
DA:184,1
DA:185,0
DA:186,0
DA:188,0
DA:191,1
DA:197,1
LF:65
LH:59
BRDA:53,1,0,41
BRDA:53,1,1,3
BRDA:64,2,0,256
BRDA:64,2,1,144
BRDA:92,3,0,2
BRDA:92,3,1,1
BRDA:114,4,0,143
BRDA:114,4,1,143
BRDA:125,5,0,0
BRDA:125,5,1,10
BRDA:129,6,0,3
BRDA:129,6,1,5
BRDA:147,7,0,7
BRDA:147,7,1,5
BRDA:161,8,0,37
BRDA:161,8,1,34
BRDA:175,9,0,0
BRDA:175,9,1,0
BRDA:186,10,0,0
BRDA:186,10,1,0
BRF:20
BRH:15
end_of_record
TN:
SF:/home/urvish/summernote/src/js/base/core/range.js
FN:7,(anonymous_1)
FN:8,(anonymous_2)
FN:19,(anonymous_3)
FN:75,(anonymous_4)
FN:76,(anonymous_5)
FN:120,(anonymous_6)
FN:127,(anonymous_7)
FN:149,(anonymous_8)
FN:158,(anonymous_9)
FN:165,(anonymous_10)
FN:175,(anonymous_11)
FN:195,(anonymous_12)
FN:207,(anonymous_13)
FN:214,(anonymous_14)
FN:260,(anonymous_15)
FN:273,(anonymous_16)
FN:304,(anonymous_17)
FN:314,(anonymous_18)
FN:346,(anonymous_19)
FN:357,(anonymous_20)
FN:387,(anonymous_21)
FN:398,(anonymous_22)
FN:403,(anonymous_23)
FN:413,(anonymous_24)
FN:428,(anonymous_25)
FN:429,(anonymous_26)
FN:450,(anonymous_27)
FN:462,(anonymous_28)
FN:471,(anonymous_29)
FN:518,(anonymous_30)
FN:534,(anonymous_31)
FN:540,(anonymous_32)
FN:550,(anonymous_33)
FN:561,(anonymous_34)
FN:568,(anonymous_35)
FN:573,(anonymous_36)
FN:591,(anonymous_37)
FN:609,(anonymous_38)
FN:626,(anonymous_39)
FN:654,(anonymous_40)
FN:671,(anonymous_41)
FN:722,(anonymous_42)
FN:750,(anonymous_43)
FN:760,(anonymous_44)
FN:773,(anonymous_45)
FN:790,(anonymous_46)
FNF:46
FNH:40
FNDA:1,(anonymous_1)
FNDA:1,(anonymous_2)
FNDA:0,(anonymous_3)
FNDA:0,(anonymous_4)
FNDA:0,(anonymous_5)
FNDA:457,(anonymous_6)
FNDA:39,(anonymous_7)
FNDA:14,(anonymous_8)
FNDA:124,(anonymous_9)
FNDA:180,(anonymous_10)
FNDA:35,(anonymous_11)
FNDA:2,(anonymous_12)
FNDA:132,(anonymous_13)
FNDA:181,(anonymous_14)
FNDA:28,(anonymous_15)
FNDA:120,(anonymous_16)
FNDA:2,(anonymous_17)
FNDA:1,(anonymous_18)
FNDA:83,(anonymous_19)
FNDA:13,(anonymous_20)
FNDA:39,(anonymous_21)
FNDA:10,(anonymous_22)
FNDA:6,(anonymous_23)
FNDA:1,(anonymous_24)
FNDA:2285,(anonymous_25)
FNDA:73,(anonymous_26)
FNDA:0,(anonymous_27)
FNDA:180,(anonymous_28)
FNDA:45,(anonymous_29)
FNDA:24,(anonymous_30)
FNDA:5,(anonymous_31)
FNDA:8,(anonymous_32)
FNDA:4,(anonymous_33)
FNDA:4,(anonymous_34)
FNDA:17,(anonymous_35)
FNDA:0,(anonymous_36)
FNDA:77,(anonymous_37)
FNDA:4,(anonymous_38)
FNDA:0,(anonymous_39)
FNDA:342,(anonymous_40)
FNDA:192,(anonymous_41)
FNDA:92,(anonymous_42)
FNDA:4,(anonymous_43)
FNDA:7,(anonymous_44)
FNDA:2,(anonymous_45)
FNDA:4,(anonymous_46)
DA:1,1
DA:8,1
DA:19,1
DA:20,0
DA:22,0
DA:23,0
DA:24,0
DA:25,0
DA:26,0
DA:28,0
DA:29,0
DA:30,0
DA:32,0
DA:35,0
DA:36,0
DA:37,0
DA:38,0
DA:39,0
DA:41,0
DA:42,0
DA:43,0
DA:45,0
DA:46,0
DA:47,0
DA:51,0
DA:54,0
DA:56,0
DA:57,0
DA:60,0
DA:61,0
DA:64,0
DA:75,1
DA:76,0
DA:77,0
DA:79,0
DA:80,0
DA:81,0
DA:82,0
DA:83,0
DA:84,0
DA:86,0
DA:87,0
DA:88,0
DA:91,0
DA:92,0
DA:95,0
DA:102,0
DA:103,0
DA:105,0
DA:106,0
DA:107,0
DA:108,0
DA:120,1
DA:121,457
DA:122,457
DA:123,457
DA:124,457
DA:127,457
DA:128,39
DA:129,39
DA:130,39
DA:131,39
DA:133,39
DA:135,0
DA:140,0
DA:145,0
DA:149,457
DA:150,14
DA:158,457
DA:159,124
DA:165,457
DA:166,180
DA:175,457
DA:176,35
DA:177,35
DA:178,35
DA:179,35
DA:180,8
DA:182,35
DA:184,0
DA:187,35
DA:195,457
DA:196,2
DA:197,2
DA:198,0
DA:201,2
DA:207,457
DA:214,132
DA:215,181
DA:219,106
DA:223,75
DA:224,75
DA:228,4
DA:229,0
DA:232,4
DA:235,75
DA:237,75
DA:240,132
DA:241,132
DA:243,132
DA:260,457
DA:261,28
DA:263,28
DA:264,28
DA:267,28
DA:268,28
DA:270,28
DA:271,28
DA:273,28
DA:274,120
DA:275,2
DA:278,118
DA:279,118
DA:280,67
DA:281,17
DA:283,67
DA:284,15
DA:286,51
DA:287,46
DA:289,5
DA:292,118
DA:293,65
DA:297,28
DA:304,457
DA:305,2
DA:314,457
DA:315,1
DA:316,1
DA:318,1
DA:319,0
DA:322,1
DA:324,1
DA:325,1
DA:326,1
DA:329,1
DA:330,1
DA:331,1
DA:334,1
DA:346,457
DA:347,83
DA:348,4
DA:350,79
DA:357,457
DA:358,13
DA:359,13
DA:361,13
DA:362,4
DA:365,13
DA:366,4
DA:367,4
DA:369,4
DA:370,2
DA:371,2
DA:375,13
DA:387,457
DA:388,39
DA:389,34
DA:392,5
DA:393,5
DA:398,5
DA:399,10
DA:402,5
DA:403,5
DA:405,6
DA:406,6
DA:407,1
DA:409,6
DA:413,5
DA:414,1
DA:417,5
DA:428,457
DA:429,2285
DA:430,73
DA:431,73
DA:436,457
DA:438,457
DA:440,457
DA:442,457
DA:444,457
DA:450,457
DA:451,0
DA:452,0
DA:455,0
DA:456,0
DA:462,457
DA:463,180
DA:471,457
DA:472,45
DA:473,1
DA:474,1
DA:482,44
DA:483,44
DA:484,18
DA:488,26
DA:489,26
DA:490,25
DA:491,25
DA:492,25
DA:493,20
DA:496,1
DA:500,26
DA:501,26
DA:504,26
DA:505,5
DA:506,5
DA:509,26
DA:518,457
DA:519,24
DA:520,24
DA:522,24
DA:523,12
DA:525,12
DA:528,24
DA:534,457
DA:535,5
DA:536,5
DA:538,5
DA:540,5
DA:541,8
DA:550,457
DA:551,4
DA:552,4
DA:561,457
DA:562,4
DA:564,4
DA:565,1
DA:568,3
DA:569,17
DA:572,3
DA:573,0
DA:574,0
DA:578,3
DA:591,457
DA:592,77
DA:609,457
DA:610,4
DA:626,457
DA:627,0
DA:628,0
DA:644,1
DA:655,342
DA:656,129
DA:657,213
DA:658,21
DA:659,21
DA:660,21
DA:662,192
DA:663,192
DA:664,71
DA:665,71
DA:667,121
DA:672,192
DA:673,192
DA:674,192
DA:675,192
DA:676,129
DA:677,63
DA:680,0
DA:683,63
DA:684,63
DA:685,63
DA:686,63
DA:687,63
DA:689,0
DA:690,0
DA:691,0
DA:692,0
DA:693,0
DA:695,0
DA:699,0
DA:702,0
DA:705,0
DA:706,0
DA:707,0
DA:708,0
DA:711,63
DA:723,92
DA:724,92
DA:725,92
DA:726,92
DA:729,92
DA:730,0
DA:731,0
DA:733,92
DA:734,0
DA:735,0
DA:736,92
DA:737,0
DA:738,0
DA:741,92
DA:751,4
DA:761,7
DA:774,2
DA:775,2
DA:776,2
DA:777,2
DA:778,2
DA:791,4
DA:792,4
DA:793,4
DA:794,4
DA:796,4
DA:801,1
LF:303
LH:221
BRDA:25,1,0,0
BRDA:25,1,1,0
BRDA:29,2,0,0
BRDA:29,2,1,0
BRDA:35,3,0,0
BRDA:35,3,1,0
BRDA:35,4,0,0
BRDA:35,4,1,0
BRDA:37,5,0,0
BRDA:37,5,1,0
BRDA:39,6,0,0
BRDA:39,6,1,0
BRDA:45,7,0,0
BRDA:45,7,1,0
BRDA:54,8,0,0
BRDA:54,8,1,0
BRDA:54,9,0,0
BRDA:54,9,1,0
BRDA:54,9,2,0
BRDA:54,9,3,0
BRDA:79,10,0,0
BRDA:79,10,1,0
BRDA:82,11,0,0
BRDA:82,11,1,0
BRDA:86,12,0,0
BRDA:86,12,1,0
BRDA:87,13,0,0
BRDA:87,13,1,0
BRDA:128,14,0,39
BRDA:128,14,1,0
BRDA:177,15,0,35
BRDA:177,15,1,0
BRDA:179,16,0,8
BRDA:179,16,1,27
BRDA:197,17,0,0
BRDA:197,17,1,2
BRDA:215,18,0,106
BRDA:215,18,1,75
BRDA:215,19,0,181
BRDA:215,19,1,108
BRDA:215,19,2,167
BRDA:215,19,3,94
BRDA:215,19,4,52
BRDA:215,19,5,116
BRDA:215,19,6,43
BRDA:215,19,7,42
BRDA:215,19,8,79
BRDA:215,19,9,6
BRDA:215,19,10,4
BRDA:224,20,0,4
BRDA:224,20,1,71
BRDA:224,21,0,75
BRDA:224,21,1,61
BRDA:224,21,2,15
BRDA:224,21,3,71
BRDA:224,21,4,17
BRDA:224,21,5,54
BRDA:228,22,0,0
BRDA:228,22,1,4
BRDA:235,23,0,16
BRDA:235,23,1,59
BRDA:237,24,0,75
BRDA:237,24,1,0
BRDA:241,25,0,83
BRDA:241,25,1,49
BRDA:261,26,0,28
BRDA:261,26,1,6
BRDA:263,27,0,28
BRDA:263,27,1,27
BRDA:264,28,0,28
BRDA:264,28,1,27
BRDA:274,29,0,2
BRDA:274,29,1,118
BRDA:279,30,0,67
BRDA:279,30,1,51
BRDA:280,31,0,17
BRDA:280,31,1,50
BRDA:283,32,0,15
BRDA:283,32,1,52
BRDA:283,33,0,67
BRDA:283,33,1,17
BRDA:286,34,0,46
BRDA:286,34,1,5
BRDA:292,35,0,65
BRDA:292,35,1,53
BRDA:292,36,0,118
BRDA:292,36,1,65
BRDA:318,37,0,0
BRDA:318,37,1,1
BRDA:318,38,0,1
BRDA:318,38,1,0
BRDA:324,39,0,1
BRDA:324,39,1,0
BRDA:329,40,0,1
BRDA:329,40,1,0
BRDA:347,41,0,4
BRDA:347,41,1,79
BRDA:361,42,0,4
BRDA:361,42,1,9
BRDA:361,43,0,13
BRDA:361,43,1,12
BRDA:365,44,0,4
BRDA:365,44,1,9
BRDA:365,45,0,13
BRDA:365,45,1,12
BRDA:369,46,0,2
BRDA:369,46,1,2
BRDA:388,47,0,34
BRDA:388,47,1,5
BRDA:406,48,0,1
BRDA:406,48,1,5
BRDA:406,49,0,6
BRDA:406,49,1,1
BRDA:431,50,0,73
BRDA:431,50,1,0
BRDA:451,51,0,0
BRDA:451,51,1,0
BRDA:456,52,0,0
BRDA:456,52,1,0
BRDA:463,53,0,180
BRDA:463,53,1,177
BRDA:472,54,0,1
BRDA:472,54,1,44
BRDA:472,55,0,45
BRDA:472,55,1,25
BRDA:483,56,0,18
BRDA:483,56,1,26
BRDA:483,57,0,44
BRDA:483,57,1,29
BRDA:489,58,0,25
BRDA:489,58,1,1
BRDA:492,59,0,20
BRDA:492,59,1,5
BRDA:493,60,0,20
BRDA:493,60,1,0
BRDA:496,61,0,1
BRDA:496,61,1,0
BRDA:504,62,0,5
BRDA:504,62,1,21
BRDA:522,63,0,12
BRDA:522,63,1,12
BRDA:552,64,0,4
BRDA:552,64,1,0
BRDA:564,65,0,1
BRDA:564,65,1,3
BRDA:572,66,0,0
BRDA:572,66,1,3
BRDA:655,67,0,129
BRDA:655,67,1,213
BRDA:657,68,0,21
BRDA:657,68,1,192
BRDA:663,69,0,71
BRDA:663,69,1,121
BRDA:663,70,0,192
BRDA:663,70,1,129
BRDA:673,71,0,192
BRDA:673,71,1,0
BRDA:675,72,0,129
BRDA:675,72,1,63
BRDA:675,73,0,192
BRDA:675,73,1,192
BRDA:677,74,0,0
BRDA:677,74,1,63
BRDA:699,75,0,0
BRDA:699,75,1,0
BRDA:699,76,0,0
BRDA:699,76,1,0
BRDA:699,76,2,0
BRDA:699,76,3,0
BRDA:699,76,4,0
BRDA:729,77,0,0
BRDA:729,77,1,92
BRDA:733,78,0,0
BRDA:733,78,1,92
BRDA:736,79,0,0
BRDA:736,79,1,92
BRF:176
BRH:118
end_of_record
TN:
SF:/home/urvish/summernote/src/js/base/editing/Bullet.js
FN:6,(anonymous_1)
FN:13,(anonymous_2)
FN:19,(anonymous_3)
FN:26,(anonymous_4)
FN:33,(anonymous_5)
FN:40,(anonymous_6)
FN:45,(anonymous_7)
FN:46,(anonymous_8)
FN:59,(anonymous_9)
FN:66,(anonymous_10)
FN:71,(anonymous_11)
FN:72,(anonymous_12)
FN:88,(anonymous_13)
FN:98,(anonymous_14)
FN:106,(anonymous_15)
FN:111,(anonymous_16)
FN:127,(anonymous_17)
FN:137,(anonymous_18)
FN:159,(anonymous_19)
FN:162,(anonymous_20)
FN:187,(anonymous_21)
FN:192,(anonymous_22)
FN:198,(anonymous_23)
FN:200,(anonymous_24)
FNF:24
FNH:24
FNDA:1,(anonymous_1)
FNDA:88,(anonymous_2)
FNDA:2,(anonymous_3)
FNDA:2,(anonymous_4)
FNDA:2,(anonymous_5)
FNDA:2,(anonymous_6)
FNDA:1,(anonymous_7)
FNDA:1,(anonymous_8)
FNDA:2,(anonymous_9)
FNDA:2,(anonymous_10)
FNDA:1,(anonymous_11)
FNDA:1,(anonymous_12)
FNDA:4,(anonymous_13)
FNDA:2,(anonymous_14)
FNDA:2,(anonymous_15)
FNDA:1,(anonymous_16)
FNDA:3,(anonymous_17)
FNDA:3,(anonymous_18)
FNDA:2,(anonymous_19)
FNDA:2,(anonymous_20)
FNDA:1,(anonymous_21)
FNDA:2,(anonymous_22)
FNDA:4,(anonymous_23)
FNDA:4,(anonymous_24)
DA:1,1
DA:13,1
DA:14,88
DA:19,88
DA:20,2
DA:26,88
DA:27,2
DA:33,88
DA:34,2
DA:35,2
DA:37,2
DA:38,2
DA:40,2
DA:41,2
DA:42,2
DA:43,1
DA:45,1
DA:46,1
DA:47,1
DA:53,2
DA:59,88
DA:60,2
DA:61,2
DA:63,2
DA:64,2
DA:66,2
DA:67,2
DA:68,2
DA:69,1
DA:71,1
DA:72,1
DA:73,1
DA:74,1
DA:80,2
DA:88,88
DA:89,4
DA:91,4
DA:92,4
DA:93,4
DA:96,4
DA:97,2
DA:98,2
DA:99,2
DA:101,2
DA:104,2
DA:107,2
DA:110,2
DA:111,1
DA:112,1
DA:115,1
DA:119,4
DA:127,88
DA:128,3
DA:129,3
DA:131,3
DA:132,3
DA:134,3
DA:137,3
DA:138,3
DA:142,3
DA:144,3
DA:145,0
DA:146,0
DA:149,3
DA:159,88
DA:160,2
DA:162,2
DA:163,2
DA:164,2
DA:166,2
DA:168,2
DA:175,2
DA:182,2
DA:186,2
DA:187,1
DA:188,1
DA:192,2
DA:193,2
DA:197,2
DA:198,2
DA:199,4
DA:200,4
DA:201,4
DA:202,4
DA:207,2
DA:210,2
DA:214,1
LF:87
LH:85
BRDA:42,1,0,1
BRDA:42,1,1,1
BRDA:47,2,0,1
BRDA:47,2,1,1
BRDA:68,3,0,1
BRDA:68,3,1,1
BRDA:73,4,0,1
BRDA:73,4,1,0
BRDA:74,5,0,0
BRDA:74,5,1,1
BRDA:96,6,0,2
BRDA:96,6,1,2
BRDA:110,7,0,1
BRDA:110,7,1,1
BRDA:131,8,0,3
BRDA:131,8,1,0
BRDA:132,9,0,3
BRDA:132,9,1,0
BRDA:134,10,0,3
BRDA:134,10,1,3
BRDA:134,11,0,3
BRDA:134,11,1,0
BRDA:138,12,0,2
BRDA:138,12,1,1
BRDA:144,13,0,0
BRDA:144,13,1,3
BRDA:166,14,0,1
BRDA:166,14,1,1
BRDA:168,15,0,0
BRDA:168,15,1,2
BRDA:182,16,0,1
BRDA:182,16,1,1
BRDA:186,17,0,1
BRDA:186,17,1,1
BRDA:186,18,0,2
BRDA:186,18,1,1
BRDA:201,19,0,4
BRDA:201,19,1,0
BRF:38
BRH:30
end_of_record
TN:
SF:/home/urvish/summernote/src/js/base/editing/History.js
FN:1,(anonymous_1)
FN:8,(anonymous_2)
FN:12,(anonymous_3)
FN:22,(anonymous_4)
FN:36,(anonymous_5)
FN:53,(anonymous_6)
FN:70,(anonymous_7)
FN:85,(anonymous_8)
FN:95,(anonymous_9)
FNF:9
FNH:7
FNDA:1,(anonymous_1)
FNDA:44,(anonymous_2)
FNDA:77,(anonymous_3)
FNDA:2,(anonymous_4)
FNDA:0,(anonymous_5)
FNDA:0,(anonymous_6)
FNDA:1,(anonymous_7)
FNDA:1,(anonymous_8)
FNDA:77,(anonymous_9)
DA:1,1
DA:8,1
DA:9,44
DA:10,44
DA:12,44
DA:13,77
DA:14,77
DA:16,77
DA:22,44
DA:23,2
DA:24,2
DA:26,2
DA:27,2
DA:36,44
DA:38,0
DA:39,0
DA:43,0
DA:46,0
DA:53,44
DA:55,0
DA:58,0
DA:61,0
DA:64,0
DA:70,44
DA:72,1
DA:73,0
DA:76,1
DA:77,1
DA:78,1
DA:85,44
DA:86,1
DA:87,1
DA:88,1
DA:95,44
DA:96,77
DA:99,77
DA:100,0
DA:104,77
DA:108,1
LF:39
LH:29
BRDA:18,1,0,77
BRDA:18,1,1,0
BRDA:23,2,0,2
BRDA:23,2,1,0
BRDA:26,3,0,2
BRDA:26,3,1,0
BRDA:38,4,0,0
BRDA:38,4,1,0
BRDA:72,5,0,0
BRDA:72,5,1,1
BRDA:76,6,0,1
BRDA:76,6,1,0
BRDA:86,7,0,1
BRDA:86,7,1,0
BRDA:99,8,0,0
BRDA:99,8,1,77
BRF:16
BRH:7
end_of_record
TN:
SF:/home/urvish/summernote/src/js/base/editing/Style.js
FN:6,(anonymous_1)
FN:13,(anonymous_2)
FN:27,(anonymous_3)
FN:30,(anonymous_4)
FN:44,(anonymous_5)
FN:57,(anonymous_6)
FN:60,(anonymous_7)
FN:75,(anonymous_8)
FN:89,(anonymous_9)
FN:97,(anonymous_10)
FN:102,(anonymous_11)
FN:106,(anonymous_12)
FN:123,(anonymous_13)
FNF:13
FNH:10
FNDA:1,(anonymous_1)
FNDA:45,(anonymous_2)
FNDA:94,(anonymous_3)
FNDA:0,(anonymous_4)
FNDA:94,(anonymous_5)
FNDA:0,(anonymous_6)
FNDA:0,(anonymous_7)
FNDA:8,(anonymous_8)
FNDA:9,(anonymous_9)
FNDA:1,(anonymous_10)
FNDA:2,(anonymous_11)
FNDA:1,(anonymous_12)
FNDA:36,(anonymous_13)
DA:1,1
DA:13,1
DA:27,45
DA:28,94
DA:29,0
DA:30,0
DA:31,0
DA:33,0
DA:35,94
DA:44,45
DA:45,94
DA:46,94
DA:47,94
DA:48,94
DA:57,45
DA:58,0
DA:61,0
DA:75,45
DA:76,8
DA:78,8
DA:79,8
DA:80,8
DA:82,8
DA:83,1
DA:86,7
DA:87,7
DA:90,9
DA:93,7
DA:94,2
DA:95,1
DA:97,1
DA:98,1
DA:102,2
DA:103,2
DA:104,2
DA:105,2
DA:106,2
DA:107,1
DA:108,1
DA:110,2
DA:113,5
DA:123,45
DA:124,36
DA:125,36
DA:129,36
DA:130,36
DA:141,36
DA:142,36
DA:144,0
DA:145,0
DA:146,0
DA:149,36
DA:150,36
DA:151,0
DA:153,36
DA:154,36
DA:157,36
DA:158,36
DA:159,36
DA:161,36
DA:165,1
LF:61
LH:51
BRDA:28,1,0,0
BRDA:28,1,1,94
BRDA:46,2,0,94
BRDA:46,2,1,0
BRDA:78,3,0,8
BRDA:78,3,1,2
BRDA:78,3,2,6
BRDA:79,4,0,8
BRDA:79,4,1,2
BRDA:80,5,0,8
BRDA:80,5,1,2
BRDA:82,6,0,1
BRDA:82,6,1,7
BRDA:90,7,0,9
BRDA:90,7,1,7
BRDA:93,8,0,2
BRDA:93,8,1,5
BRDA:94,9,0,1
BRDA:94,9,1,1
BRDA:124,10,0,36
BRDA:124,10,1,0
BRDA:131,11,0,2
BRDA:131,11,1,34
BRDA:132,12,0,4
BRDA:132,12,1,32
BRDA:133,13,0,4
BRDA:133,13,1,32
BRDA:134,14,0,4
BRDA:134,14,1,32
BRDA:135,15,0,4
BRDA:135,15,1,32
BRDA:136,16,0,4
BRDA:136,16,1,32
BRDA:141,17,0,36
BRDA:141,17,1,0
BRDA:146,18,0,0
BRDA:146,18,1,0
BRDA:150,19,0,0
BRDA:150,19,1,36
BRDA:150,20,0,36
BRDA:150,20,1,36
BRDA:157,21,0,36
BRDA:157,21,1,0
BRF:43
BRH:35
end_of_record
TN:
SF:/home/urvish/summernote/src/js/base/editing/Table.js
FN:5,(anonymous_1)
FN:12,(anonymous_2)
FN:19,(anonymous_3)
FN:37,(anonymous_4)
FNF:4
FNH:3
FNDA:1,(anonymous_1)
FNDA:44,(anonymous_2)
FNDA:0,(anonymous_3)
FNDA:1,(anonymous_4)
DA:1,1
DA:12,1
DA:19,44
DA:20,0
DA:21,0
DA:22,0
DA:24,0
DA:25,0
DA:26,0
DA:37,44
DA:38,1
DA:39,1
DA:40,2
DA:42,1
DA:44,1
DA:45,1
DA:46,2
DA:48,1
DA:49,1
DA:50,1
DA:51,1
DA:54,1
DA:57,1
LF:23
LH:17
BRDA:24,1,0,0
BRDA:24,1,1,0
BRDA:25,2,0,0
BRDA:25,2,1,0
BRDA:50,3,0,1
BRDA:50,3,1,0
BRDA:50,4,0,1
BRDA:50,4,1,1
BRF:8
BRH:3
end_of_record
TN:
SF:/home/urvish/summernote/src/js/base/editing/Typing.js
FN:5,(anonymous_1)
FN:13,(anonymous_2)
FN:24,(anonymous_3)
FN:36,(anonymous_4)
FN:68,(anonymous_5)
FNF:5
FNH:4
FNDA:1,(anonymous_1)
FNDA:44,(anonymous_2)
FNDA:1,(anonymous_3)
FNDA:2,(anonymous_4)
FNDA:0,(anonymous_5)
DA:1,1
DA:13,1
DA:16,44
DA:24,44
DA:25,1
DA:26,1
DA:27,1
DA:29,1
DA:30,1
DA:36,44
DA:37,2
DA:40,2
DA:43,2
DA:46,2
DA:48,2
DA:50,2
DA:52,2
DA:54,0
DA:55,0
DA:57,2
DA:59,0
DA:60,0
DA:63,2
DA:65,2
DA:66,2
DA:68,2
DA:69,0
DA:73,2
DA:74,0
DA:79,0
DA:80,0
DA:81,0
DA:82,0
DA:84,0
DA:88,2
DA:92,1
LF:36
LH:25
BRDA:50,1,0,2
BRDA:50,1,1,0
BRDA:52,2,0,0
BRDA:52,2,1,2
BRDA:52,3,0,2
BRDA:52,3,1,1
BRDA:57,4,0,0
BRDA:57,4,1,2
BRDA:57,5,0,2
BRDA:57,5,1,1
BRDA:57,5,2,1
BRDA:73,6,0,0
BRDA:73,6,1,2
BRDA:73,7,0,2
BRDA:73,7,1,2
BRDA:73,7,2,0
BRDA:81,8,0,0
BRDA:81,8,1,0
BRF:18
BRH:11
end_of_record
TN:
SF:/home/urvish/summernote/src/js/base/module/AutoLink.js
FN:7,(anonymous_1)
FN:8,(anonymous_2)
FN:14,(anonymous_3)
FN:19,(anonymous_4)
FN:24,(anonymous_5)
FN:28,(anonymous_6)
FN:32,(anonymous_7)
FN:51,(anonymous_8)
FN:58,(anonymous_9)
FNF:9
FNH:8
FNDA:1,(anonymous_1)
FNDA:44,(anonymous_2)
FNDA:1,(anonymous_3)
FNDA:1,(anonymous_4)
FNDA:44,(anonymous_5)
FNDA:2,(anonymous_6)
FNDA:0,(anonymous_7)
FNDA:1,(anonymous_8)
FNDA:1,(anonymous_9)
DA:1,1
DA:8,1
DA:9,44
DA:10,44
DA:11,44
DA:13,44
DA:15,1
DA:16,1
DA:20,1
DA:24,44
DA:25,44
DA:28,44
DA:29,2
DA:32,44
DA:33,0
DA:34,0
DA:37,0
DA:38,0
DA:40,0
DA:41,0
DA:42,0
DA:44,0
DA:45,0
DA:46,0
DA:51,44
DA:52,1
DA:53,0
DA:54,0
DA:58,44
DA:59,1
DA:60,0
DA:65,1
LF:32
LH:19
BRDA:15,1,0,1
BRDA:15,1,1,0
BRDA:33,2,0,0
BRDA:33,2,1,0
BRDA:40,3,0,0
BRDA:40,3,1,0
BRDA:40,4,0,0
BRDA:40,4,1,0
BRDA:40,4,2,0
BRDA:41,5,0,0
BRDA:41,5,1,0
BRDA:52,6,0,0
BRDA:52,6,1,1
BRDA:59,7,0,0
BRDA:59,7,1,1
BRF:15
BRH:3
end_of_record
TN:
SF:/home/urvish/summernote/src/js/base/module/AutoSync.js
FN:3,(anonymous_1)
FN:7,(anonymous_2)
FN:11,(anonymous_3)
FN:16,(anonymous_4)
FNF:4
FNH:3
FNDA:1,(anonymous_1)
FNDA:44,(anonymous_2)
FNDA:0,(anonymous_3)
FNDA:46,(anonymous_4)
DA:1,1
DA:7,1
DA:8,44
DA:10,44
DA:12,0
DA:16,44
DA:17,46
DA:21,1
LF:8
LH:7
BRF:0
BRH:0
end_of_record
TN:
SF:/home/urvish/summernote/src/js/base/module/Clipboard.js
FN:6,(anonymous_1)
FN:7,(anonymous_2)
FN:13,(anonymous_3)
FN:19,(anonymous_4)
FN:27,(anonymous_5)
FN:31,(anonymous_6)
FN:43,(anonymous_7)
FN:51,(anonymous_8)
FN:58,(anonymous_9)
FN:93,(anonymous_10)
FNF:10
FNH:6
FNDA:1,(anonymous_1)
FNDA:44,(anonymous_2)
FNDA:1,(anonymous_3)
FNDA:0,(anonymous_4)
FNDA:47,(anonymous_5)
FNDA:44,(anonymous_6)
FNDA:0,(anonymous_7)
FNDA:2,(anonymous_8)
FNDA:0,(anonymous_9)
FNDA:0,(anonymous_10)
DA:1,1
DA:7,1
DA:8,44
DA:10,44
DA:12,44
DA:14,1
DA:15,0
DA:16,0
DA:17,0
DA:19,0
DA:20,0
DA:27,44
DA:28,47
DA:31,44
DA:35,44
DA:36,0
DA:41,0
DA:43,0
DA:44,0
DA:47,44
DA:51,44
DA:52,2
DA:53,0
DA:54,0
DA:58,44
DA:59,0
DA:61,0
DA:62,0
DA:63,0
DA:64,0
DA:65,0
DA:66,0
DA:69,0
DA:70,0
DA:72,0
DA:73,0
DA:74,0
DA:76,0
DA:77,0
DA:78,0
DA:80,0
DA:81,0
DA:85,0
DA:93,44
DA:94,0
DA:95,0
DA:96,0
DA:97,0
DA:98,0
DA:100,0
DA:105,1
LF:51
LH:16
BRDA:14,1,0,0
BRDA:14,1,1,1
BRDA:15,2,0,0
BRDA:15,2,1,0
BRDA:15,3,0,0
BRDA:15,3,1,0
BRDA:15,3,2,0
BRDA:28,4,0,47
BRDA:28,4,1,0
BRDA:28,4,2,47
BRDA:35,5,0,0
BRDA:35,5,1,44
BRDA:52,6,0,0
BRDA:52,6,1,2
BRDA:61,7,0,0
BRDA:61,7,1,0
BRDA:80,8,0,0
BRDA:80,8,1,0
BRDA:95,9,0,0
BRDA:95,9,1,0
BRDA:95,10,0,0
BRDA:95,10,1,0
BRDA:95,10,2,0
BRDA:97,11,0,0
BRDA:97,11,1,0
BRDA:97,12,0,0
BRDA:97,12,1,0
BRF:27
BRH:5
end_of_record
TN:
SF:/home/urvish/summernote/src/js/base/module/Codeview.js
FN:4,(anonymous_1)
FN:9,(anonymous_2)
FN:20,(anonymous_3)
FN:26,(anonymous_4)
FN:36,(anonymous_5)
FN:43,(anonymous_6)
FN:55,(anonymous_7)
FN:71,(anonymous_8)
FN:85,(anonymous_9)
FN:109,(anonymous_10)
FNF:10
FNH:8
FNDA:1,(anonymous_1)
FNDA:0,(anonymous_2)
FNDA:45,(anonymous_3)
FNDA:2,(anonymous_4)
FNDA:18,(anonymous_5)
FNDA:2,(anonymous_6)
FNDA:1,(anonymous_7)
FNDA:0,(anonymous_8)
FNDA:1,(anonymous_9)
FNDA:2,(anonymous_10)
DA:1,1
DA:6,1
DA:7,1
DA:8,0
DA:9,0
DA:10,0
DA:13,0
DA:20,1
DA:21,45
DA:22,45
DA:23,45
DA:24,45
DA:26,45
DA:27,2
DA:28,2
DA:29,0
DA:36,45
DA:37,18
DA:43,45
DA:44,2
DA:45,1
DA:47,1
DA:49,2
DA:55,45
DA:56,1
DA:57,1
DA:59,1
DA:60,1
DA:61,1
DA:64,1
DA:65,0
DA:68,0
DA:69,0
DA:70,0
DA:71,0
DA:72,0
DA:77,0
DA:78,0
DA:85,45
DA:87,1
DA:88,0
DA:89,0
DA:90,0
DA:93,1
DA:94,1
DA:96,1
DA:97,1
DA:98,1
DA:100,1
DA:101,0
DA:104,1
DA:106,1
DA:109,45
DA:110,2
DA:111,0
DA:116,1
LF:56
LH:38
BRDA:7,1,0,0
BRDA:7,1,1,1
BRDA:8,2,0,0
BRDA:8,2,1,0
BRDA:28,3,0,0
BRDA:28,3,1,2
BRDA:28,4,0,2
BRDA:28,4,1,0
BRDA:44,5,0,1
BRDA:44,5,1,1
BRDA:64,6,0,0
BRDA:64,6,1,1
BRDA:68,7,0,0
BRDA:68,7,1,0
BRDA:87,8,0,0
BRDA:87,8,1,1
BRDA:93,9,0,1
BRDA:93,9,1,0
BRDA:97,10,0,0
BRDA:97,10,1,1
BRDA:100,11,0,0
BRDA:100,11,1,1
BRDA:110,12,0,0
BRDA:110,12,1,2
BRF:24
BRH:11
end_of_record
TN:
SF:/home/urvish/summernote/src/js/base/module/Dropzone.js
FN:1,(anonymous_1)
FN:2,(anonymous_2)
FN:16,(anonymous_3)
FN:17,(anonymous_4)
FN:26,(anonymous_5)
FN:29,(anonymous_6)
FN:41,(anonymous_7)
FN:45,(anonymous_8)
FN:57,(anonymous_9)
FN:64,(anonymous_10)
FN:76,(anonymous_11)
FN:79,(anonymous_12)
FN:85,(anonymous_13)
FN:93,(anonymous_14)
FN:99,(anonymous_15)
FN:108,(anonymous_16)
FNF:16
FNH:7
FNDA:1,(anonymous_1)
FNDA:44,(anonymous_2)
FNDA:2,(anonymous_3)
FNDA:6,(anonymous_4)
FNDA:44,(anonymous_5)
FNDA:0,(anonymous_6)
FNDA:44,(anonymous_7)
FNDA:0,(anonymous_8)
FNDA:0,(anonymous_9)
FNDA:0,(anonymous_10)
FNDA:0,(anonymous_11)
FNDA:0,(anonymous_12)
FNDA:0,(anonymous_13)
FNDA:0,(anonymous_14)
FNDA:0,(anonymous_15)
FNDA:2,(anonymous_16)
DA:1,1
DA:2,1
DA:3,44
DA:4,44
DA:5,44
DA:6,44
DA:7,44
DA:8,44
DA:10,44
DA:16,44
DA:17,2
DA:18,6
DA:20,2
DA:26,44
DA:27,44
DA:29,0
DA:30,0
DA:32,0
DA:34,44
DA:41,44
DA:42,44
DA:45,44
DA:46,0
DA:47,0
DA:48,0
DA:49,0
DA:50,0
DA:51,0
DA:52,0
DA:54,0
DA:57,44
DA:58,0
DA:59,0
DA:60,0
DA:64,44
DA:65,0
DA:66,0
DA:71,44
DA:76,44
DA:77,0
DA:78,0
DA:80,0
DA:81,0
DA:85,44
DA:86,0
DA:88,0
DA:89,0
DA:90,0
DA:91,0
DA:93,0
DA:94,0
DA:96,0
DA:97,0
DA:99,0
DA:100,0
DA:108,44
DA:109,2
DA:113,1
LF:58
LH:27
BRDA:27,1,0,0
BRDA:27,1,1,44
BRDA:47,2,0,0
BRDA:47,2,1,0
BRDA:48,3,0,0
BRDA:48,3,1,0
BRDA:48,4,0,0
BRDA:48,4,1,0
BRDA:48,4,2,0
BRDA:59,5,0,0
BRDA:59,5,1,0
BRDA:88,6,0,0
BRDA:88,6,1,0
BRDA:88,7,0,0
BRDA:88,7,1,0
BRDA:88,7,2,0
BRDA:96,8,0,0
BRDA:96,8,1,0
BRF:18
BRH:1
end_of_record
TN:
SF:/home/urvish/summernote/src/js/base/module/Editor.js
FN:14,(anonymous_1)
FN:24,(anonymous_2)
FN:42,(anonymous_3)
FN:44,(anonymous_4)
FN:57,(anonymous_5)
FN:59,(anonymous_6)
FN:61,(anonymous_7)
FN:63,(anonymous_8)
FN:65,(anonymous_9)
FN:67,(anonymous_10)
FN:69,(anonymous_11)
FN:79,(anonymous_12)
FN:83,(anonymous_13)
FN:85,(anonymous_14)
FN:107,(anonymous_15)
FN:111,(anonymous_16)
FN:133,(anonymous_17)
FN:145,(anonymous_18)
FN:157,(anonymous_19)
FN:169,(anonymous_20)
FN:176,(anonymous_21)
FN:180,(anonymous_22)
FN:184,(anonymous_23)
FN:194,(anonymous_24)
FN:208,(anonymous_25)
FN:215,(anonymous_26)
FN:225,(anonymous_27)
FN:235,(anonymous_28)
FN:245,(anonymous_29)
FN:260,(anonymous_30)
FN:261,(anonymous_31)
FN:274,(anonymous_32)
FN:289,(anonymous_33)
FN:300,(anonymous_34)
FN:301,(anonymous_35)
FN:311,(anonymous_36)
FN:316,(anonymous_37)
FN:321,(anonymous_38)
FN:326,(anonymous_39)
FN:331,(anonymous_40)
FN:343,(anonymous_41)
FN:344,(anonymous_42)
FN:360,(anonymous_43)
FN:369,(anonymous_44)
FN:370,(anonymous_45)
FN:375,(anonymous_46)
FN:377,(anonymous_47)
FN:388,(anonymous_48)
FN:405,(anonymous_49)
FN:415,(anonymous_50)
FN:425,(anonymous_51)
FN:440,(anonymous_52)
FN:450,(anonymous_53)
FN:456,(anonymous_54)
FN:463,(anonymous_55)
FN:464,(anonymous_56)
FN:477,(anonymous_57)
FN:507,(anonymous_58)
FN:518,(anonymous_59)
FN:542,(anonymous_60)
FN:553,(anonymous_61)
FN:571,(anonymous_62)
FN:600,(anonymous_63)
FN:635,(anonymous_64)
FN:656,(anonymous_65)
FN:669,(anonymous_66)
FN:681,(anonymous_67)
FN:690,(anonymous_68)
FN:703,(anonymous_69)
FN:725,(anonymous_70)
FN:733,(anonymous_71)
FN:740,(anonymous_72)
FN:752,(anonymous_73)
FN:759,(anonymous_74)
FNF:74
FNH:45
FNDA:1,(anonymous_1)
FNDA:44,(anonymous_2)
FNDA:44,(anonymous_3)
FNDA:1,(anonymous_4)
FNDA:1,(anonymous_5)
FNDA:9,(anonymous_6)
FNDA:9,(anonymous_7)
FNDA:1,(anonymous_8)
FNDA:1,(anonymous_9)
FNDA:1,(anonymous_10)
FNDA:0,(anonymous_11)
FNDA:8,(anonymous_12)
FNDA:10,(anonymous_13)
FNDA:10,(anonymous_14)
FNDA:2,(anonymous_15)
FNDA:1,(anonymous_16)
FNDA:0,(anonymous_17)
FNDA:11,(anonymous_18)
FNDA:0,(anonymous_19)
FNDA:0,(anonymous_20)
FNDA:0,(anonymous_21)
FNDA:51,(anonymous_22)
FNDA:0,(anonymous_23)
FNDA:94,(anonymous_24)
FNDA:0,(anonymous_25)
FNDA:1,(anonymous_26)
FNDA:1,(anonymous_27)
FNDA:33,(anonymous_28)
FNDA:33,(anonymous_29)
FNDA:660,(anonymous_30)
FNDA:8,(anonymous_31)
FNDA:1,(anonymous_32)
FNDA:0,(anonymous_33)
FNDA:748,(anonymous_34)
FNDA:24,(anonymous_35)
FNDA:2,(anonymous_36)
FNDA:2,(anonymous_37)
FNDA:2,(anonymous_38)
FNDA:2,(anonymous_39)
FNDA:2,(anonymous_40)
FNDA:0,(anonymous_41)
FNDA:0,(anonymous_42)
FNDA:0,(anonymous_43)
FNDA:0,(anonymous_44)
FNDA:0,(anonymous_45)
FNDA:0,(anonymous_46)
FNDA:0,(anonymous_47)
FNDA:0,(anonymous_48)
FNDA:1,(anonymous_49)
FNDA:4,(anonymous_50)
FNDA:0,(anonymous_51)
FNDA:2,(anonymous_52)
FNDA:0,(anonymous_53)
FNDA:0,(anonymous_54)
FNDA:264,(anonymous_55)
FNDA:0,(anonymous_56)
FNDA:0,(anonymous_57)
FNDA:1,(anonymous_58)
FNDA:0,(anonymous_59)
FNDA:0,(anonymous_60)
FNDA:0,(anonymous_61)
FNDA:4,(anonymous_62)
FNDA:4,(anonymous_63)
FNDA:0,(anonymous_64)
FNDA:1,(anonymous_65)
FNDA:1,(anonymous_66)
FNDA:0,(anonymous_67)
FNDA:0,(anonymous_68)
FNDA:0,(anonymous_69)
FNDA:0,(anonymous_70)
FNDA:95,(anonymous_71)
FNDA:44,(anonymous_72)
FNDA:1,(anonymous_73)
FNDA:1,(anonymous_74)
DA:1,1
DA:19,1
DA:24,1
DA:25,44
DA:27,44
DA:28,44
DA:29,44
DA:30,44
DA:31,44
DA:33,44
DA:34,44
DA:36,44
DA:37,44
DA:38,44
DA:39,44
DA:40,44
DA:42,44
DA:44,44
DA:45,1
DA:46,0
DA:48,1
DA:50,1
DA:51,1
DA:52,1
DA:54,0
DA:58,1
DA:60,9
DA:62,9
DA:64,1
DA:66,1
DA:68,1
DA:70,0
DA:74,44
DA:78,44
DA:79,44
DA:80,8
DA:83,44
DA:84,10
DA:86,10
DA:89,44
DA:90,44
DA:91,0
DA:93,44
DA:94,0
DA:96,44
DA:97,0
DA:99,44
DA:100,0
DA:104,44
DA:107,44
DA:108,2
DA:111,44
DA:112,1
DA:113,1
DA:115,1
DA:116,1
DA:117,1
DA:119,1
DA:120,1
DA:121,0
DA:124,1
DA:125,1
DA:126,0
DA:127,0
DA:128,1
DA:129,0
DA:133,44
DA:135,0
DA:137,0
DA:145,44
DA:146,11
DA:147,11
DA:157,44
DA:158,0
DA:159,0
DA:160,0
DA:169,44
DA:170,0
DA:171,0
DA:172,0
DA:176,44
DA:177,0
DA:180,44
DA:181,51
DA:184,44
DA:185,0
DA:194,44
DA:195,94
DA:196,94
DA:197,36
DA:199,94
DA:208,44
DA:209,0
DA:215,44
DA:216,1
DA:217,1
DA:218,1
DA:220,44
DA:225,44
DA:226,1
DA:227,1
DA:228,1
DA:230,44
DA:235,44
DA:236,33
DA:238,33
DA:245,44
DA:246,33
DA:247,33
DA:248,25
DA:254,44
DA:259,44
DA:260,660
DA:261,660
DA:262,8
DA:263,8
DA:264,8
DA:267,660
DA:274,44
DA:275,1
DA:276,1
DA:277,0
DA:279,1
DA:280,1
DA:281,1
DA:284,44
DA:289,44
DA:290,0
DA:291,0
DA:292,0
DA:295,44
DA:300,44
DA:301,748
DA:302,24
DA:303,24
DA:304,24
DA:311,44
DA:312,2
DA:314,44
DA:316,44
DA:317,2
DA:319,44
DA:321,44
DA:322,2
DA:324,44
DA:326,44
DA:327,2
DA:329,44
DA:331,44
DA:332,2
DA:334,44
DA:343,44
DA:344,0
DA:345,0
DA:347,0
DA:348,0
DA:350,0
DA:351,0
DA:353,0
DA:356,0
DA:357,0
DA:358,0
DA:359,0
DA:361,0
DA:369,44
DA:370,0
DA:371,0
DA:372,0
DA:373,0
DA:375,0
DA:376,0
DA:378,0
DA:388,44
DA:389,0
DA:392,0
DA:393,0
DA:396,0
DA:405,44
DA:406,1
DA:407,1
DA:408,1
DA:415,44
DA:416,4
DA:417,4
DA:418,4
DA:425,44
DA:426,0
DA:429,0
DA:430,0
DA:433,0
DA:440,44
DA:441,2
DA:442,2
DA:450,44
DA:452,0
DA:453,0
DA:456,44
DA:457,0
DA:459,44
DA:462,44
DA:463,264
DA:464,264
DA:465,0
DA:468,264
DA:477,44
DA:478,0
DA:480,0
DA:481,0
DA:482,0
DA:484,0
DA:490,0
DA:491,0
DA:492,0
DA:493,0
DA:496,0
DA:497,0
DA:500,0
DA:507,44
DA:508,1
DA:509,1
DA:510,1
DA:513,44
DA:518,44
DA:519,0
DA:520,0
DA:521,0
DA:524,0
DA:526,0
DA:527,0
DA:528,0
DA:531,0
DA:532,0
DA:535,0
DA:542,44
DA:543,0
DA:553,44
DA:554,0
DA:555,0
DA:556,0
DA:557,0
DA:558,0
DA:560,0
DA:561,0
DA:562,0
DA:571,44
DA:572,4
DA:573,4
DA:574,4
DA:575,4
DA:576,4
DA:579,4
DA:580,4
DA:583,4
DA:584,0
DA:587,4
DA:588,4
DA:589,4
DA:590,4
DA:591,4
DA:593,0
DA:600,4
DA:602,4
DA:605,4
DA:606,4
DA:607,1
DA:609,3
DA:613,4
DA:614,4
DA:615,4
DA:616,4
DA:618,4
DA:635,44
DA:636,0
DA:639,0
DA:641,0
DA:656,44
DA:657,1
DA:658,1
DA:660,1
DA:661,1
DA:669,44
DA:670,1
DA:672,1
DA:673,1
DA:681,44
DA:682,0
DA:683,0
DA:690,44
DA:691,0
DA:692,0
DA:703,44
DA:704,0
DA:705,0
DA:706,0
DA:707,0
DA:708,0
DA:713,0
DA:719,0
DA:725,44
DA:726,0
DA:727,0
DA:733,44
DA:734,95
DA:740,44
DA:743,44
DA:744,44
DA:752,44
DA:753,1
DA:759,44
DA:760,1
DA:764,1
LF:311
LH:205
BRDA:45,1,0,0
BRDA:45,1,1,1
BRDA:50,2,0,1
BRDA:50,2,1,0
BRDA:51,3,0,1
BRDA:51,3,1,0
BRDA:74,4,0,44
BRDA:74,4,1,0
BRDA:78,5,0,0
BRDA:78,5,1,44
BRDA:89,6,0,44
BRDA:89,6,1,0
BRDA:90,7,0,0
BRDA:90,7,1,44
BRDA:93,8,0,0
BRDA:93,8,1,44
BRDA:96,9,0,0
BRDA:96,9,1,44
BRDA:99,10,0,0
BRDA:99,10,1,44
BRDA:112,11,0,0
BRDA:112,11,1,1
BRDA:115,12,0,0
BRDA:115,12,1,1
BRDA:116,13,0,0
BRDA:116,13,1,1
BRDA:116,14,0,1
BRDA:116,14,1,0
BRDA:117,15,0,0
BRDA:117,15,1,1
BRDA:120,16,0,0
BRDA:120,16,1,1
BRDA:125,17,0,0
BRDA:125,17,1,1
BRDA:128,18,0,0
BRDA:128,18,1,1
BRDA:135,19,0,0
BRDA:135,19,1,0
BRDA:135,20,0,0
BRDA:135,20,1,0
BRDA:135,20,2,0
BRDA:159,21,0,0
BRDA:159,21,1,0
BRDA:170,22,0,0
BRDA:170,22,1,0
BRDA:196,23,0,36
BRDA:196,23,1,58
BRDA:199,24,0,36
BRDA:199,24,1,58
BRDA:247,25,0,25
BRDA:247,25,1,8
BRDA:276,26,0,0
BRDA:276,26,1,1
BRDA:276,27,0,1
BRDA:276,27,1,1
BRDA:291,28,0,0
BRDA:291,28,1,0
BRDA:291,29,0,0
BRDA:291,29,1,0
BRDA:347,30,0,0
BRDA:347,30,1,0
BRDA:350,31,0,0
BRDA:350,31,1,0
BRDA:372,32,0,0
BRDA:372,32,1,0
BRDA:372,33,0,0
BRDA:372,33,1,0
BRDA:392,34,0,0
BRDA:392,34,1,0
BRDA:429,35,0,0
BRDA:429,35,1,0
BRDA:452,36,0,0
BRDA:452,36,1,0
BRDA:480,37,0,0
BRDA:480,37,1,0
BRDA:480,38,0,0
BRDA:480,38,1,0
BRDA:490,39,0,0
BRDA:490,39,1,0
BRDA:490,40,0,0
BRDA:490,40,1,0
BRDA:509,41,0,1
BRDA:509,41,1,0
BRDA:520,42,0,0
BRDA:520,42,1,0
BRDA:527,43,0,0
BRDA:527,43,1,0
BRDA:531,44,0,0
BRDA:531,44,1,0
BRDA:555,45,0,0
BRDA:555,45,1,0
BRDA:575,46,0,4
BRDA:575,46,1,1
BRDA:579,47,0,4
BRDA:579,47,1,0
BRDA:583,48,0,0
BRDA:583,48,1,4
BRDA:588,49,0,4
BRDA:588,49,1,0
BRDA:602,50,0,4
BRDA:602,50,1,0
BRDA:606,51,0,1
BRDA:606,51,1,3
BRDA:644,52,0,0
BRDA:644,52,1,0
BRDA:645,53,0,0
BRDA:645,53,1,0
BRDA:660,54,0,0
BRDA:660,54,1,1
BRDA:661,55,0,1
BRDA:661,55,1,0
BRDA:705,56,0,0
BRDA:705,56,1,0
BRDA:709,57,0,0
BRDA:709,57,1,0
BRDA:710,58,0,0
BRDA:710,58,1,0
BRDA:743,59,0,44
BRDA:743,59,1,0
BRDA:753,60,0,1
BRDA:753,60,1,1
BRF:121
BRH:41
end_of_record
TN:
SF:/home/urvish/summernote/src/js/base/module/Fullscreen.js
FN:3,(anonymous_1)
FN:4,(anonymous_2)
FN:16,(anonymous_3)
FN:17,(anonymous_4)
FN:29,(anonymous_5)
FN:47,(anonymous_6)
FNF:6
FNH:6
FNDA:1,(anonymous_1)
FNDA:45,(anonymous_2)
FNDA:2,(anonymous_3)
FNDA:2,(anonymous_4)
FNDA:1,(anonymous_5)
FNDA:7,(anonymous_6)
DA:1,1
DA:4,1
DA:5,45
DA:6,45
DA:7,45
DA:8,45
DA:10,45
DA:11,45
DA:16,45
DA:17,2
DA:18,2
DA:19,2
DA:20,2
DA:21,0
DA:25,2
DA:26,2
DA:27,1
DA:29,1
DA:30,1
DA:35,1
DA:37,1
DA:38,1
DA:41,1
DA:44,2
DA:47,45
DA:48,7
DA:52,1
LF:27
LH:26
BRDA:20,1,0,0
BRDA:20,1,1,2
BRDA:26,2,0,1
BRDA:26,2,1,1
BRF:4
BRH:3
end_of_record
TN:
SF:/home/urvish/summernote/src/js/base/module/Handle.js
FN:3,(anonymous_1)
FN:4,(anonymous_2)
FN:12,(anonymous_3)
FN:17,(anonymous_4)
FN:22,(anonymous_5)
FN:38,(anonymous_6)
FN:47,(anonymous_7)
FN:54,(anonymous_8)
FN:67,(anonymous_9)
FN:71,(anonymous_10)
FN:110,(anonymous_11)
FNF:11
FNH:8
FNDA:1,(anonymous_1)
FNDA:44,(anonymous_2)
FNDA:1,(anonymous_3)
FNDA:50,(anonymous_4)
FNDA:44,(anonymous_5)
FNDA:0,(anonymous_6)
FNDA:0,(anonymous_7)
FNDA:0,(anonymous_8)
FNDA:2,(anonymous_9)
FNDA:51,(anonymous_10)
FNDA:51,(anonymous_11)
DA:1,1
DA:4,1
DA:5,44
DA:7,44
DA:8,44
DA:9,44
DA:11,44
DA:13,1
DA:14,0
DA:18,50
DA:22,44
DA:23,44
DA:38,44
DA:39,0
DA:40,0
DA:41,0
DA:43,0
DA:47,0
DA:48,0
DA:53,0
DA:55,0
DA:56,0
DA:57,0
DA:60,0
DA:61,0
DA:67,44
DA:68,2
DA:71,44
DA:72,51
DA:73,51
DA:75,51
DA:77,51
DA:78,0
DA:79,0
DA:82,0
DA:87,0
DA:95,0
DA:96,0
DA:97,0
DA:99,51
DA:102,51
DA:110,44
DA:111,51
DA:112,51
DA:116,1
LF:45
LH:25
BRDA:13,1,0,0
BRDA:13,1,1,1
BRDA:31,2,0,0
BRDA:31,2,1,44
BRDA:33,3,0,0
BRDA:33,3,1,44
BRDA:39,4,0,0
BRDA:39,4,1,0
BRDA:60,5,0,0
BRDA:60,5,1,0
BRDA:77,6,0,0
BRDA:77,6,1,51
BRF:12
BRH:4
end_of_record
TN:
SF:/home/urvish/summernote/src/js/base/module/Placeholder.js
FN:1,(anonymous_1)
FN:2,(anonymous_2)
FN:8,(anonymous_3)
FN:11,(anonymous_4)
FN:16,(anonymous_5)
FN:20,(anonymous_6)
FN:22,(anonymous_7)
FN:27,(anonymous_8)
FN:31,(anonymous_9)
FNF:9
FNH:3
FNDA:1,(anonymous_1)
FNDA:44,(anonymous_2)
FNDA:0,(anonymous_3)
FNDA:0,(anonymous_4)
FNDA:46,(anonymous_5)
FNDA:0,(anonymous_6)
FNDA:0,(anonymous_7)
FNDA:0,(anonymous_8)
FNDA:0,(anonymous_9)
DA:1,1
DA:2,1
DA:3,44
DA:4,44
DA:5,44
DA:7,44
DA:9,0
DA:12,0
DA:16,44
DA:17,46
DA:20,44
DA:21,0
DA:22,0
DA:23,0
DA:27,44
DA:28,0
DA:31,44
DA:32,0
DA:33,0
DA:37,1
LF:20
LH:12
BRDA:32,1,0,0
BRDA:32,1,1,0
BRF:2
BRH:0
end_of_record
TN:
SF:/home/urvish/summernote/src/js/base/module/Statusbar.js
FN:1,(anonymous_1)
FN:4,(anonymous_2)
FN:10,(anonymous_3)
FN:15,(anonymous_4)
FN:21,(anonymous_5)
FN:28,(anonymous_6)
FN:34,(anonymous_7)
FNF:7
FNH:4
FNDA:1,(anonymous_1)
FNDA:44,(anonymous_2)
FNDA:44,(anonymous_3)
FNDA:0,(anonymous_4)
FNDA:0,(anonymous_5)
FNDA:0,(anonymous_6)
FNDA:2,(anonymous_7)
DA:1,1
DA:2,1
DA:4,1
DA:5,44
DA:6,44
DA:7,44
DA:8,44
DA:10,44
DA:11,44
DA:12,0
DA:15,44
DA:16,0
DA:17,0
DA:19,0
DA:21,0
DA:22,0
DA:24,0
DA:25,0
DA:27,0
DA:29,0
DA:34,44
DA:35,2
DA:36,2
DA:40,1
LF:24
LH:14
BRDA:11,1,0,0
BRDA:11,1,1,44
BRDA:11,2,0,44
BRDA:11,2,1,44
BRDA:24,3,0,0
BRDA:24,3,1,0
BRDA:25,4,0,0
BRDA:25,4,1,0
BRF:8
BRH:3
end_of_record
TN:
SF:/home/urvish/summernote/src/js/base/renderer.js
FN:1,(anonymous_1)
FN:2,(anonymous_2)
FN:3,(anonymous_3)
FN:15,(anonymous_4)
FN:26,(anonymous_5)
FN:48,(anonymous_6)
FN:49,(anonymous_7)
FNF:7
FNH:7
FNDA:1,(anonymous_1)
FNDA:3200,(anonymous_2)
FNDA:3200,(anonymous_3)
FNDA:238,(anonymous_4)
FNDA:1087,(anonymous_5)
FNDA:22,(anonymous_6)
FNDA:3200,(anonymous_7)
DA:1,1
DA:2,1
DA:3,3200
DA:4,3200
DA:6,3200
DA:7,1498
DA:10,3200
DA:11,1472
DA:14,3200
DA:15,238
DA:16,238
DA:20,3200
DA:21,1410
DA:24,3200
DA:25,3200
DA:26,3200
DA:27,1087
DA:31,3200
DA:32,2088
DA:35,3200
DA:36,220
DA:39,3200
DA:40,1087
DA:43,3200
DA:47,1
DA:49,22
DA:50,3200
DA:51,3200
DA:52,3200
DA:53,132
DA:55,3200
DA:60,1
LF:32
LH:32
BRDA:6,1,0,1498
BRDA:6,1,1,1702
BRDA:6,2,0,3200
BRDA:6,2,1,3028
BRDA:10,3,0,1472
BRDA:10,3,1,1728
BRDA:10,4,0,3200
BRDA:10,4,1,3028
BRDA:14,5,0,238
BRDA:14,5,1,2962
BRDA:14,6,0,3200
BRDA:14,6,1,3028
BRDA:20,7,0,1410
BRDA:20,7,1,1790
BRDA:20,8,0,3200
BRDA:20,8,1,3028
BRDA:24,9,0,3200
BRDA:24,9,1,0
BRDA:27,10,0,0
BRDA:27,10,1,1087
BRDA:31,11,0,2088
BRDA:31,11,1,1112
BRDA:35,12,0,220
BRDA:35,12,1,2980
BRDA:35,13,0,3200
BRDA:35,13,1,3028
BRDA:39,14,0,1087
BRDA:39,14,1,2113
BRDA:50,15,0,324
BRDA:50,15,1,2876
BRDA:51,16,0,44
BRDA:51,16,1,3156
BRDA:52,17,0,132
BRDA:52,17,1,3068
BRDA:52,18,0,3200
BRDA:52,18,1,3028
BRF:36
BRH:34
end_of_record
TN:
SF:/home/urvish/summernote/src/js/bs3/module/AirPopover.js
FN:6,(anonymous_1)
FN:7,(anonymous_2)
FN:16,(anonymous_3)
FN:19,(anonymous_4)
FN:22,(anonymous_5)
FN:35,(anonymous_6)
FN:39,(anonymous_7)
FN:48,(anonymous_8)
FN:52,(anonymous_9)
FN:69,(anonymous_10)
FNF:10
FNH:3
FNDA:1,(anonymous_1)
FNDA:44,(anonymous_2)
FNDA:0,(anonymous_3)
FNDA:0,(anonymous_4)
FNDA:0,(anonymous_5)
FNDA:46,(anonymous_6)
FNDA:0,(anonymous_7)
FNDA:0,(anonymous_8)
FNDA:0,(anonymous_9)
FNDA:0,(anonymous_10)
DA:1,1
DA:7,1
DA:8,44
DA:9,44
DA:11,44
DA:13,44
DA:15,44
DA:17,0
DA:20,0
DA:25,0
DA:26,0
DA:29,0
DA:30,0
DA:35,44
DA:36,46
DA:39,44
DA:40,0
DA:43,0
DA:45,0
DA:48,44
DA:49,0
DA:52,44
DA:53,0
DA:54,0
DA:55,0
DA:56,0
DA:57,0
DA:58,0
DA:65,0
DA:69,44
DA:70,0
DA:74,1
LF:32
LH:14
BRDA:25,1,0,0
BRDA:25,1,1,0
BRDA:29,2,0,0
BRDA:29,2,1,0
BRDA:29,3,0,0
BRDA:29,3,1,0
BRDA:36,4,0,46
BRDA:36,4,1,0
BRDA:54,5,0,0
BRDA:54,5,1,0
BRDA:54,6,0,0
BRDA:54,6,1,0
BRDA:56,7,0,0
BRDA:56,7,1,0
BRF:14
BRH:1
end_of_record
TN:
SF:/home/urvish/summernote/src/js/base/summernote-en-US.js
FN:3,(anonymous_1)
FNF:1
FNH:1
FNDA:1,(anonymous_1)
DA:1,1
DA:4,1
DA:8,1
LF:3
LH:3
BRDA:4,1,0,1
BRDA:4,1,1,1
BRF:2
BRH:2
end_of_record
TN:
SF:/home/urvish/summernote/src/js/bs3/module/HelpDialog.js
FN:4,(anonymous_1)
FN:5,(anonymous_2)
FN:13,(anonymous_3)
FN:15,(anonymous_4)
FN:26,(anonymous_5)
FN:42,(anonymous_6)
FN:51,(anonymous_7)
FN:61,(anonymous_8)
FN:62,(anonymous_9)
FN:63,(anonymous_10)
FN:71,(anonymous_11)
FN:73,(anonymous_12)
FNF:12
FNH:7
FNDA:1,(anonymous_1)
FNDA:44,(anonymous_2)
FNDA:44,(anonymous_3)
FNDA:1188,(anonymous_4)
FNDA:44,(anonymous_5)
FNDA:44,(anonymous_6)
FNDA:2,(anonymous_7)
FNDA:0,(anonymous_8)
FNDA:0,(anonymous_9)
FNDA:0,(anonymous_10)
FNDA:0,(anonymous_11)
FNDA:0,(anonymous_12)
DA:1,1
DA:5,1
DA:6,44
DA:7,44
DA:9,44
DA:10,44
DA:11,44
DA:13,44
DA:14,44
DA:15,44
DA:16,1188
DA:17,1188
DA:18,1188
DA:22,1188
DA:26,44
DA:27,44
DA:29,44
DA:37,44
DA:43,44
DA:51,44
DA:52,2
DA:53,2
DA:61,44
DA:62,0
DA:63,0
DA:64,0
DA:65,0
DA:67,0
DA:71,44
DA:72,0
DA:73,0
DA:74,0
DA:79,1
LF:33
LH:25
BRDA:14,1,0,0
BRDA:14,1,1,44
BRDA:21,2,0,1188
BRDA:21,2,1,0
BRDA:27,3,0,0
BRDA:27,3,1,44
BRF:6
BRH:3
end_of_record
TN:
SF:/home/urvish/summernote/src/js/bs3/module/HintPopover.js
FN:7,(anonymous_1)
FN:8,(anonymous_2)
FN:18,(anonymous_3)
FN:23,(anonymous_4)
FN:26,(anonymous_5)
FN:31,(anonymous_6)
FN:35,(anonymous_7)
FN:47,(anonymous_8)
FN:54,(anonymous_9)
FN:58,(anonymous_10)
FN:65,(anonymous_11)
FN:82,(anonymous_12)
FN:99,(anonymous_13)
FN:114,(anonymous_14)
FN:124,(anonymous_15)
FN:126,(anonymous_16)
FN:141,(anonymous_17)
FN:158,(anonymous_18)
FN:168,(anonymous_19)
FN:170,(anonymous_20)
FN:181,(anonymous_21)
FN:201,(anonymous_22)
FN:227,(anonymous_23)
FN:231,(anonymous_24)
FNF:24
FNH:3
FNDA:1,(anonymous_1)
FNDA:44,(anonymous_2)
FNDA:0,(anonymous_3)
FNDA:0,(anonymous_4)
FNDA:0,(anonymous_5)
FNDA:46,(anonymous_6)
FNDA:0,(anonymous_7)
FNDA:0,(anonymous_8)
FNDA:0,(anonymous_9)
FNDA:0,(anonymous_10)
FNDA:0,(anonymous_11)
FNDA:0,(anonymous_12)
FNDA:0,(anonymous_13)
FNDA:0,(anonymous_14)
FNDA:0,(anonymous_15)
FNDA:0,(anonymous_16)
FNDA:0,(anonymous_17)
FNDA:0,(anonymous_18)
FNDA:0,(anonymous_19)
FNDA:0,(anonymous_20)
FNDA:0,(anonymous_21)
FNDA:0,(anonymous_22)
FNDA:0,(anonymous_23)
FNDA:0,(anonymous_24)
DA:1,1
DA:8,1
DA:9,44
DA:10,44
DA:12,44
DA:13,44
DA:14,44
DA:15,44
DA:17,44
DA:19,0
DA:20,0
DA:24,0
DA:27,0
DA:31,44
DA:32,46
DA:35,44
DA:36,0
DA:37,0
DA:43,0
DA:45,0
DA:47,0
DA:48,0
DA:49,0
DA:50,0
DA:54,44
DA:55,0
DA:58,44
DA:59,0
DA:60,0
DA:62,0
DA:65,44
DA:66,0
DA:67,0
DA:69,0
DA:70,0
DA:72,0
DA:74,0
DA:75,0
DA:78,0
DA:82,44
DA:83,0
DA:84,0
DA:86,0
DA:87,0
DA:89,0
DA:91,0
DA:92,0
DA:95,0
DA:99,44
DA:100,0
DA:102,0
DA:103,0
DA:104,0
DA:105,0
DA:107,0
DA:108,0
DA:109,0
DA:114,44
DA:115,0
DA:116,0
DA:117,0
DA:118,0
DA:119,0
DA:121,0
DA:124,44
DA:125,0
DA:126,0
DA:127,0
DA:128,0
DA:129,0
DA:134,0
DA:135,0
DA:137,0
DA:141,44
DA:142,0
DA:143,0
DA:146,0
DA:147,0
DA:148,0
DA:149,0
DA:150,0
DA:151,0
DA:152,0
DA:153,0
DA:154,0
DA:158,44
DA:159,0
DA:160,0
DA:161,0
DA:162,0
DA:164,0
DA:168,44
DA:169,0
DA:170,0
DA:171,0
DA:172,0
DA:173,0
DA:174,0
DA:178,0
DA:181,44
DA:182,0
DA:183,0
DA:184,0
DA:185,0
DA:189,0
DA:190,0
DA:191,0
DA:192,0
DA:194,0
DA:195,0
DA:197,0
DA:199,0
DA:201,0
DA:202,0
DA:203,0
DA:208,0
DA:209,0
DA:214,0
DA:222,0
DA:227,44
DA:228,0
DA:231,44
DA:232,0
DA:236,1
LF:124
LH:26
BRDA:13,1,0,44
BRDA:13,1,1,44
BRDA:14,2,0,44
BRDA:14,2,1,44
BRDA:15,3,0,44
BRDA:15,3,1,0
BRDA:19,4,0,0
BRDA:19,4,1,0
BRDA:69,5,0,0
BRDA:69,5,1,0
BRDA:74,6,0,0
BRDA:74,6,1,0
BRDA:86,7,0,0
BRDA:86,7,1,0
BRDA:91,8,0,0
BRDA:91,8,1,0
BRDA:102,9,0,0
BRDA:102,9,1,0
BRDA:117,10,0,0
BRDA:117,10,1,0
BRDA:118,11,0,0
BRDA:118,11,1,0
BRDA:128,12,0,0
BRDA:128,12,1,0
BRDA:134,13,0,0
BRDA:134,13,1,0
BRDA:134,14,0,0
BRDA:134,14,1,0
BRDA:142,15,0,0
BRDA:142,15,1,0
BRDA:146,16,0,0
BRDA:146,16,1,0
BRDA:149,17,0,0
BRDA:149,17,1,0
BRDA:152,18,0,0
BRDA:152,18,1,0
BRDA:160,19,0,0
BRDA:160,19,1,0
BRDA:160,20,0,0
BRDA:160,20,1,0
BRDA:160,20,2,0
BRDA:171,21,0,0
BRDA:171,21,1,0
BRDA:172,22,0,0
BRDA:172,22,1,0
BRDA:182,23,0,0
BRDA:182,23,1,0
BRDA:183,24,0,0
BRDA:183,24,1,0
BRDA:184,25,0,0
BRDA:184,25,1,0
BRDA:191,26,0,0
BRDA:191,26,1,0
BRDA:191,27,0,0
BRDA:191,27,1,0
BRDA:195,28,0,0
BRDA:195,28,1,0
BRDA:202,29,0,0
BRDA:202,29,1,0
BRDA:208,30,0,0
BRDA:208,30,1,0
BRF:61
BRH:5
end_of_record
TN:
SF:/home/urvish/summernote/src/js/bs3/module/Buttons.js
FN:6,(anonymous_1)
FN:7,(anonymous_2)
FN:17,(anonymous_3)
FN:35,(anonymous_4)
FN:42,(anonymous_5)
FN:46,(anonymous_6)
FN:55,(anonymous_7)
FN:56,(anonymous_8)
FN:69,(anonymous_9)
FN:87,(anonymous_10)
FN:96,(anonymous_11)
FN:105,(anonymous_12)
FN:114,(anonymous_13)
FN:122,(anonymous_14)
FN:131,(anonymous_15)
FN:140,(anonymous_16)
FN:149,(anonymous_17)
FN:163,(anonymous_18)
FN:171,(anonymous_19)
FN:190,(anonymous_20)
FN:198,(anonymous_21)
FN:205,(anonymous_22)
FN:242,(anonymous_23)
FN:243,(anonymous_24)
FN:251,(anonymous_25)
FN:271,(anonymous_26)
FN:279,(anonymous_27)
FN:330,(anonymous_28)
FN:353,(anonymous_29)
FN:372,(anonymous_30)
FN:394,(anonymous_31)
FN:405,(anonymous_32)
FN:413,(anonymous_33)
FN:421,(anonymous_34)
FN:429,(anonymous_35)
FN:437,(anonymous_36)
FN:446,(anonymous_37)
FN:455,(anonymous_38)
FN:463,(anonymous_39)
FN:471,(anonymous_40)
FN:487,(anonymous_41)
FN:489,(anonymous_42)
FN:496,(anonymous_43)
FN:503,(anonymous_44)
FN:512,(anonymous_45)
FN:520,(anonymous_46)
FN:528,(anonymous_47)
FN:537,(anonymous_48)
FN:546,(anonymous_49)
FN:547,(anonymous_50)
FN:555,(anonymous_51)
FN:564,(anonymous_52)
FN:584,(anonymous_53)
FN:587,(anonymous_54)
FN:590,(anonymous_55)
FN:593,(anonymous_56)
FN:596,(anonymous_57)
FN:599,(anonymous_58)
FN:602,(anonymous_59)
FN:608,(anonymous_60)
FN:615,(anonymous_61)
FN:625,(anonymous_62)
FN:635,(anonymous_63)
FN:643,(anonymous_64)
FN:644,(anonymous_65)
FN:649,(anonymous_66)
FNF:66
FNH:60
FNDA:1,(anonymous_1)
FNDA:44,(anonymous_2)
FNDA:564,(anonymous_3)
FNDA:44,(anonymous_4)
FNDA:2,(anonymous_5)
FNDA:522,(anonymous_6)
FNDA:44,(anonymous_7)
FNDA:44,(anonymous_8)
FNDA:396,(anonymous_9)
FNDA:44,(anonymous_10)
FNDA:18,(anonymous_11)
FNDA:44,(anonymous_12)
FNDA:44,(anonymous_13)
FNDA:18,(anonymous_14)
FNDA:18,(anonymous_15)
FNDA:18,(anonymous_16)
FNDA:44,(anonymous_17)
FNDA:440,(anonymous_18)
FNDA:18,(anonymous_19)
FNDA:44,(anonymous_20)
FNDA:1,(anonymous_21)
FNDA:44,(anonymous_22)
FNDA:44,(anonymous_23)
FNDA:88,(anonymous_24)
FNDA:2,(anonymous_25)
FNDA:44,(anonymous_26)
FNDA:44,(anonymous_27)
FNDA:44,(anonymous_28)
FNDA:0,(anonymous_29)
FNDA:44,(anonymous_30)
FNDA:44,(anonymous_31)
FNDA:44,(anonymous_32)
FNDA:44,(anonymous_33)
FNDA:44,(anonymous_34)
FNDA:0,(anonymous_35)
FNDA:44,(anonymous_36)
FNDA:44,(anonymous_37)
FNDA:0,(anonymous_38)
FNDA:0,(anonymous_39)
FNDA:44,(anonymous_40)
FNDA:44,(anonymous_41)
FNDA:44,(anonymous_42)
FNDA:44,(anonymous_43)
FNDA:44,(anonymous_44)
FNDA:44,(anonymous_45)
FNDA:44,(anonymous_46)
FNDA:44,(anonymous_47)
FNDA:44,(anonymous_48)
FNDA:44,(anonymous_49)
FNDA:44,(anonymous_50)
FNDA:44,(anonymous_51)
FNDA:132,(anonymous_52)
FNDA:94,(anonymous_53)
FNDA:94,(anonymous_54)
FNDA:94,(anonymous_55)
FNDA:94,(anonymous_56)
FNDA:94,(anonymous_57)
FNDA:94,(anonymous_58)
FNDA:94,(anonymous_59)
FNDA:38,(anonymous_60)
FNDA:380,(anonymous_61)
FNDA:324,(anonymous_62)
FNDA:0,(anonymous_63)
FNDA:94,(anonymous_64)
FNDA:564,(anonymous_65)
FNDA:0,(anonymous_66)
DA:1,1
DA:7,1
DA:8,44
DA:9,44
DA:11,44
DA:12,44
DA:13,44
DA:15,44
DA:17,44
DA:18,564
DA:19,564
DA:20,0
DA:23,564
DA:24,0
DA:27,564
DA:32,564
DA:35,44
DA:36,44
DA:37,44
DA:38,44
DA:39,44
DA:42,44
DA:43,2
DA:46,44
DA:47,522
DA:48,504
DA:52,522
DA:55,44
DA:56,44
DA:57,44
DA:71,396
DA:72,396
DA:75,396
DA:76,396
DA:77,396
DA:78,396
DA:80,396
DA:87,44
DA:88,44
DA:96,44
DA:97,18
DA:105,44
DA:106,44
DA:114,44
DA:115,44
DA:122,44
DA:123,18
DA:131,44
DA:132,18
DA:140,44
DA:141,18
DA:149,44
DA:150,44
DA:164,440
DA:171,44
DA:172,18
DA:190,44
DA:191,44
DA:199,1
DA:200,1
DA:206,44
DA:207,44
DA:208,44
DA:243,44
DA:244,88
DA:245,88
DA:252,2
DA:253,2
DA:254,2
DA:256,2
DA:257,2
DA:258,2
DA:259,2
DA:261,2
DA:262,2
DA:263,2
DA:271,44
DA:272,44
DA:279,44
DA:280,44
DA:287,44
DA:293,44
DA:299,44
DA:305,44
DA:311,44
DA:317,44
DA:323,44
DA:324,44
DA:325,44
DA:326,44
DA:327,44
DA:328,44
DA:330,44
DA:331,44
DA:353,44
DA:354,0
DA:372,44
DA:373,44
DA:395,44
DA:396,44
DA:405,44
DA:406,44
DA:413,44
DA:414,44
DA:421,44
DA:422,44
DA:429,44
DA:430,0
DA:437,44
DA:438,44
DA:446,44
DA:447,44
DA:455,44
DA:456,0
DA:463,44
DA:464,0
DA:471,44
DA:472,44
DA:487,44
DA:489,44
DA:490,44
DA:496,44
DA:497,44
DA:503,44
DA:504,44
DA:512,44
DA:513,44
DA:520,44
DA:521,44
DA:528,44
DA:529,44
DA:537,44
DA:538,44
DA:546,44
DA:547,44
DA:548,44
DA:555,44
DA:556,44
DA:564,44
DA:565,132
DA:566,528
DA:567,528
DA:568,528
DA:570,528
DA:574,528
DA:575,1190
DA:576,1190
DA:577,1190
DA:580,528
DA:584,44
DA:585,94
DA:586,94
DA:588,94
DA:591,94
DA:594,94
DA:597,94
DA:600,94
DA:603,94
DA:607,94
DA:608,38
DA:609,38
DA:613,38
DA:615,38
DA:617,380
DA:618,380
DA:620,38
DA:623,94
DA:624,38
DA:625,38
DA:627,324
DA:628,324
DA:630,38
DA:633,94
DA:634,38
DA:635,38
DA:637,0
DA:638,0
DA:643,44
DA:644,94
DA:645,564
DA:649,44
DA:650,0
DA:651,0
DA:652,0
DA:653,0
DA:654,0
DA:655,0
DA:657,0
DA:659,0
DA:660,0
DA:661,0
DA:666,0
DA:672,0
DA:677,0
DA:678,0
DA:680,0
DA:681,0
DA:684,0
DA:685,0
DA:688,0
DA:692,1
LF:201
LH:174
BRDA:15,1,0,0
BRDA:15,1,1,44
BRDA:19,2,0,0
BRDA:19,2,1,564
BRDA:19,3,0,564
BRDA:19,3,1,564
BRDA:23,4,0,0
BRDA:23,4,1,564
BRDA:47,5,0,504
BRDA:47,5,1,18
BRDA:48,6,0,504
BRDA:48,6,1,44
BRDA:71,7,0,396
BRDA:71,7,1,0
BRDA:72,8,0,352
BRDA:72,8,1,44
BRDA:77,9,0,0
BRDA:77,9,1,396
BRDA:78,10,0,0
BRDA:78,10,1,396
BRDA:256,11,0,2
BRDA:256,11,1,0
BRDA:256,12,0,2
BRDA:256,12,1,2
BRDA:257,13,0,1
BRDA:257,13,1,1
BRDA:576,14,0,1190
BRDA:576,14,1,0
BRDA:577,15,0,1190
BRDA:577,15,1,0
BRDA:607,16,0,38
BRDA:607,16,1,56
BRDA:618,17,0,0
BRDA:618,17,1,380
BRDA:623,18,0,38
BRDA:623,18,1,56
BRDA:628,19,0,0
BRDA:628,19,1,324
BRDA:633,20,0,38
BRDA:633,20,1,56
BRDA:638,21,0,0
BRDA:638,21,1,0
BRDA:659,22,0,0
BRDA:659,22,1,0
BRDA:673,23,0,0
BRDA:673,23,1,0
BRDA:674,24,0,0
BRDA:674,24,1,0
BRDA:680,25,0,0
BRDA:680,25,1,0
BRDA:680,26,0,0
BRDA:680,26,1,0
BRDA:684,27,0,0
BRDA:684,27,1,0
BRDA:684,28,0,0
BRDA:684,28,1,0
BRF:56
BRH:29
end_of_record
TN:
SF:/home/urvish/summernote/src/js/bs3/module/ImageDialog.js
FN:3,(anonymous_1)
FN:4,(anonymous_2)
FN:12,(anonymous_3)
FN:42,(anonymous_4)
FN:47,(anonymous_5)
FN:48,(anonymous_6)
FN:55,(anonymous_7)
FN:57,(anonymous_8)
FN:67,(anonymous_9)
FN:78,(anonymous_10)
FN:79,(anonymous_11)
FN:84,(anonymous_12)
FN:89,(anonymous_13)
FN:95,(anonymous_14)
FN:101,(anonymous_15)
FN:108,(anonymous_16)
FNF:16
FNH:4
FNDA:1,(anonymous_1)
FNDA:44,(anonymous_2)
FNDA:44,(anonymous_3)
FNDA:2,(anonymous_4)
FNDA:0,(anonymous_5)
FNDA:0,(anonymous_6)
FNDA:0,(anonymous_7)
FNDA:0,(anonymous_8)
FNDA:0,(anonymous_9)
FNDA:0,(anonymous_10)
FNDA:0,(anonymous_11)
FNDA:0,(anonymous_12)
FNDA:0,(anonymous_13)
FNDA:0,(anonymous_14)
FNDA:0,(anonymous_15)
FNDA:0,(anonymous_16)
DA:1,1
DA:4,1
DA:5,44
DA:6,44
DA:8,44
DA:9,44
DA:10,44
DA:12,44
DA:13,44
DA:15,44
DA:16,44
DA:17,0
DA:18,0
DA:20,0
DA:23,44
DA:32,44
DA:34,44
DA:42,44
DA:43,2
DA:44,2
DA:47,44
DA:48,0
DA:49,0
DA:50,0
DA:55,44
DA:56,0
DA:57,0
DA:59,0
DA:60,0
DA:62,0
DA:63,0
DA:65,0
DA:68,0
DA:78,44
DA:79,0
DA:80,0
DA:84,0
DA:85,0
DA:88,0
DA:90,0
DA:95,0
DA:96,0
DA:98,0
DA:101,0
DA:102,0
DA:103,0
DA:105,0
DA:108,0
DA:109,0
DA:110,0
DA:111,0
DA:113,0
DA:114,0
DA:118,0
DA:123,1
LF:55
LH:21
BRDA:13,1,0,0
BRDA:13,1,1,44
BRDA:16,2,0,0
BRDA:16,2,1,44
BRDA:49,3,0,0
BRDA:49,3,1,0
BRDA:62,4,0,0
BRDA:62,4,1,0
BRDA:90,5,0,0
BRDA:90,5,1,0
BRDA:113,6,0,0
BRDA:113,6,1,0
BRF:12
BRH:2
end_of_record
TN:
SF:/home/urvish/summernote/src/js/bs3/module/ImagePopover.js
FN:5,(anonymous_1)
FN:6,(anonymous_2)
FN:11,(anonymous_3)
FN:15,(anonymous_4)
FN:24,(anonymous_5)
FN:28,(anonymous_6)
FN:41,(anonymous_7)
FNF:7
FNH:7
FNDA:1,(anonymous_1)
FNDA:44,(anonymous_2)
FNDA:97,(anonymous_3)
FNDA:44,(anonymous_4)
FNDA:2,(anonymous_5)
FNDA:51,(anonymous_6)
FNDA:51,(anonymous_7)
DA:1,1
DA:6,1
DA:7,44
DA:9,44
DA:11,44
DA:12,97
DA:15,44
DA:16,44
DA:19,44
DA:21,44
DA:24,44
DA:25,2
DA:28,44
DA:29,51
DA:30,0
DA:31,0
DA:37,51
DA:41,44
DA:42,51
DA:46,1
LF:20
LH:18
BRDA:29,1,0,0
BRDA:29,1,1,51
BRF:2
BRH:1
end_of_record
TN:
SF:/home/urvish/summernote/src/js/bs3/module/LinkPopover.js
FN:5,(anonymous_1)
FN:6,(anonymous_2)
FN:13,(anonymous_3)
FN:16,(anonymous_4)
FN:21,(anonymous_5)
FN:25,(anonymous_6)
FN:28,(anonymous_7)
FN:38,(anonymous_8)
FN:42,(anonymous_9)
FN:66,(anonymous_10)
FNF:10
FNH:9
FNDA:1,(anonymous_1)
FNDA:44,(anonymous_2)
FNDA:51,(anonymous_3)
FNDA:0,(anonymous_4)
FNDA:46,(anonymous_5)
FNDA:44,(anonymous_6)
FNDA:44,(anonymous_7)
FNDA:2,(anonymous_8)
FNDA:51,(anonymous_9)
FNDA:51,(anonymous_10)
DA:1,1
DA:6,1
DA:7,44
DA:8,44
DA:10,44
DA:12,44
DA:14,51
DA:17,0
DA:21,44
DA:22,46
DA:25,44
DA:26,44
DA:29,44
DA:30,44
DA:33,44
DA:35,44
DA:38,44
DA:39,2
DA:42,44
DA:44,51
DA:45,51
DA:46,51
DA:49,0
DA:50,0
DA:51,0
DA:52,0
DA:53,0
DA:55,0
DA:56,0
DA:62,0
DA:66,44
DA:67,51
DA:71,1
LF:33
LH:24
BRDA:44,1,0,51
BRDA:44,1,1,0
BRDA:50,2,0,0
BRDA:50,2,1,0
BRDA:50,3,0,0
BRDA:50,3,1,0
BRF:6
BRH:1
end_of_record
TN:
SF:/home/urvish/summernote/src/js/bs3/module/LinkDialog.js
FN:3,(anonymous_1)
FN:4,(anonymous_2)
FN:12,(anonymous_3)
FN:39,(anonymous_4)
FN:44,(anonymous_5)
FN:45,(anonymous_6)
FN:55,(anonymous_7)
FN:65,(anonymous_8)
FN:66,(anonymous_9)
FN:72,(anonymous_10)
FN:82,(anonymous_11)
FN:89,(anonymous_12)
FN:93,(anonymous_13)
FN:102,(anonymous_14)
FN:112,(anonymous_15)
FN:125,(anonymous_16)
FN:143,(anonymous_17)
FN:147,(anonymous_18)
FN:150,(anonymous_19)
FNF:19
FNH:4
FNDA:1,(anonymous_1)
FNDA:44,(anonymous_2)
FNDA:44,(anonymous_3)
FNDA:2,(anonymous_4)
FNDA:0,(anonymous_5)
FNDA:0,(anonymous_6)
FNDA:0,(anonymous_7)
FNDA:0,(anonymous_8)
FNDA:0,(anonymous_9)
FNDA:0,(anonymous_10)
FNDA:0,(anonymous_11)
FNDA:0,(anonymous_12)
FNDA:0,(anonymous_13)
FNDA:0,(anonymous_14)
FNDA:0,(anonymous_15)
FNDA:0,(anonymous_16)
FNDA:0,(anonymous_17)
FNDA:0,(anonymous_18)
FNDA:0,(anonymous_19)
DA:1,1
DA:4,1
DA:5,44
DA:6,44
DA:8,44
DA:9,44
DA:10,44
DA:12,44
DA:13,44
DA:15,44
DA:28,44
DA:30,44
DA:39,44
DA:40,2
DA:41,2
DA:44,44
DA:45,0
DA:46,0
DA:47,0
DA:55,44
DA:56,0
DA:65,44
DA:66,0
DA:67,0
DA:72,0
DA:73,0
DA:76,0
DA:77,0
DA:80,0
DA:82,0
DA:83,0
DA:86,0
DA:89,0
DA:90,0
DA:93,0
DA:94,0
DA:97,0
DA:98,0
DA:102,0
DA:103,0
DA:106,0
DA:107,0
DA:108,0
DA:110,0
DA:112,0
DA:113,0
DA:115,0
DA:121,0
DA:125,0
DA:127,0
DA:128,0
DA:129,0
DA:131,0
DA:132,0
DA:136,0
DA:143,44
DA:144,0
DA:146,0
DA:147,0
DA:148,0
DA:149,0
DA:151,0
DA:154,44
DA:157,1
LF:64
LH:21
BRDA:13,1,0,0
BRDA:13,1,1,44
BRDA:23,2,0,44
BRDA:23,2,1,0
BRDA:46,3,0,0
BRDA:46,3,1,0
BRDA:56,4,0,0
BRDA:56,4,1,0
BRDA:76,5,0,0
BRDA:76,5,1,0
BRDA:97,6,0,0
BRDA:97,6,1,0
BRDA:131,7,0,0
BRDA:131,7,1,0
BRF:14
BRH:2
end_of_record
TN:
SF:/home/urvish/summernote/src/js/bs3/module/Toolbar.js
FN:1,(anonymous_1)
FN:2,(anonymous_2)
FN:9,(anonymous_3)
FN:13,(anonymous_4)
FN:26,(anonymous_5)
FN:33,(anonymous_6)
FN:37,(anonymous_7)
FN:41,(anonymous_8)
FN:50,(anonymous_9)
FN:58,(anonymous_10)
FNF:10
FNH:10
FNDA:1,(anonymous_1)
FNDA:44,(anonymous_2)
FNDA:54,(anonymous_3)
FNDA:44,(anonymous_4)
FNDA:50,(anonymous_5)
FNDA:2,(anonymous_6)
FNDA:2,(anonymous_7)
FNDA:2,(anonymous_8)
FNDA:2,(anonymous_9)
FNDA:4,(anonymous_10)
DA:1,1
DA:2,1
DA:3,44
DA:5,44
DA:6,44
DA:7,44
DA:9,44
DA:10,54
DA:13,44
DA:14,44
DA:16,44
DA:17,0
DA:19,44
DA:22,44
DA:23,0
DA:26,44
DA:27,50
DA:30,44
DA:33,44
DA:34,2
DA:37,44
DA:38,2
DA:41,44
DA:42,2
DA:43,2
DA:44,1
DA:46,1
DA:50,44
DA:51,2
DA:52,2
DA:53,1
DA:55,2
DA:58,44
DA:59,4
DA:60,4
DA:61,1
DA:63,4
DA:67,1
LF:38
LH:36
BRDA:14,1,0,44
BRDA:14,1,1,0
BRDA:16,2,0,0
BRDA:16,2,1,44
BRDA:22,3,0,0
BRDA:22,3,1,44
BRDA:43,4,0,1
BRDA:43,4,1,1
BRDA:52,5,0,1
BRDA:52,5,1,1
BRDA:60,6,0,1
BRDA:60,6,1,3
BRF:12
BRH:9
end_of_record
TN:
SF:/home/urvish/summernote/src/js/bs3/module/VideoDialog.js
FN:3,(anonymous_1)
FN:4,(anonymous_2)
FN:12,(anonymous_3)
FN:29,(anonymous_4)
FN:34,(anonymous_5)
FN:35,(anonymous_6)
FN:42,(anonymous_7)
FN:121,(anonymous_8)
FN:124,(anonymous_9)
FN:136,(anonymous_10)
FN:147,(anonymous_11)
FN:148,(anonymous_12)
FN:152,(anonymous_13)
FN:155,(anonymous_14)
FN:159,(anonymous_15)
FN:168,(anonymous_16)
FNF:16
FNH:4
FNDA:1,(anonymous_1)
FNDA:44,(anonymous_2)
FNDA:44,(anonymous_3)
FNDA:2,(anonymous_4)
FNDA:0,(anonymous_5)
FNDA:0,(anonymous_6)
FNDA:0,(anonymous_7)
FNDA:0,(anonymous_8)
FNDA:0,(anonymous_9)
FNDA:0,(anonymous_10)
FNDA:0,(anonymous_11)
FNDA:0,(anonymous_12)
FNDA:0,(anonymous_13)
FNDA:0,(anonymous_14)
FNDA:0,(anonymous_15)
FNDA:0,(anonymous_16)
DA:1,1
DA:4,1
DA:5,44
DA:6,44
DA:8,44
DA:9,44
DA:10,44
DA:12,44
DA:13,44
DA:15,44
DA:19,44
DA:21,44
DA:29,44
DA:30,2
DA:31,2
DA:34,44
DA:35,0
DA:36,0
DA:37,0
DA:42,44
DA:44,0
DA:45,0
DA:47,0
DA:48,0
DA:50,0
DA:51,0
DA:53,0
DA:54,0
DA:56,0
DA:57,0
DA:59,0
DA:60,0
DA:62,0
DA:63,0
DA:65,0
DA:66,0
DA:68,0
DA:69,0
DA:71,0
DA:72,0
DA:73,0
DA:74,0
DA:78,0
DA:79,0
DA:85,0
DA:86,0
DA:91,0
DA:92,0
DA:96,0
DA:97,0
DA:101,0
DA:102,0
DA:107,0
DA:108,0
DA:113,0
DA:116,0
DA:118,0
DA:121,44
DA:122,0
DA:123,0
DA:124,0
DA:126,0
DA:127,0
DA:130,0
DA:132,0
DA:134,0
DA:137,0
DA:147,44
DA:148,0
DA:149,0
DA:152,0
DA:153,0
DA:155,0
DA:156,0
DA:159,0
DA:160,0
DA:162,0
DA:165,0
DA:168,0
DA:169,0
DA:170,0
DA:172,0
DA:173,0
DA:177,0
DA:182,1
LF:85
LH:20
BRDA:13,1,0,0
BRDA:13,1,1,44
BRDA:36,2,0,0
BRDA:36,2,1,0
BRDA:72,3,0,0
BRDA:72,3,1,0
BRDA:72,4,0,0
BRDA:72,4,1,0
BRDA:78,5,0,0
BRDA:78,5,1,0
BRDA:78,6,0,0
BRDA:78,6,1,0
BRDA:85,7,0,0
BRDA:85,7,1,0
BRDA:85,8,0,0
BRDA:85,8,1,0
BRDA:91,9,0,0
BRDA:91,9,1,0
BRDA:91,10,0,0
BRDA:91,10,1,0
BRDA:96,11,0,0
BRDA:96,11,1,0
BRDA:96,12,0,0
BRDA:96,12,1,0
BRDA:101,13,0,0
BRDA:101,13,1,0
BRDA:101,14,0,0
BRDA:101,14,1,0
BRDA:107,15,0,0
BRDA:107,15,1,0
BRDA:107,16,0,0
BRDA:107,16,1,0
BRDA:107,16,2,0
BRDA:132,17,0,0
BRDA:132,17,1,0
BRDA:172,18,0,0
BRDA:172,18,1,0
BRF:37
BRH:1
end_of_record
TN:
SF:/home/urvish/summernote/src/js/bs3/settings.js
FN:25,(anonymous_1)
FNF:1
FNH:1
FNDA:1,(anonymous_1)
DA:1,1
DA:31,1
LF:2
LH:2
BRF:0
BRH:0
end_of_record
TN:
SF:/home/urvish/summernote/src/js/bs3/ui.js
FN:3,(anonymous_1)
FN:23,(anonymous_2)
FN:35,(anonymous_3)
FN:36,(anonymous_4)
FN:45,(anonymous_5)
FN:46,(anonymous_6)
FN:54,(anonymous_7)
FN:82,(anonymous_8)
FN:109,(anonymous_9)
FN:119,(anonymous_10)
FN:142,(anonymous_11)
FN:147,(anonymous_12)
FN:151,(anonymous_13)
FN:155,(anonymous_14)
FN:159,(anonymous_15)
FN:163,(anonymous_16)
FN:167,(anonymous_17)
FN:194,(anonymous_18)
FNF:18
FNH:15
FNDA:1,(anonymous_1)
FNDA:1498,(anonymous_2)
FNDA:176,(anonymous_3)
FNDA:396,(anonymous_4)
FNDA:62,(anonymous_5)
FNDA:602,(anonymous_6)
FNDA:88,(anonymous_7)
FNDA:176,(anonymous_8)
FNDA:88,(anonymous_9)
FNDA:2100,(anonymous_10)
FNDA:6,(anonymous_11)
FNDA:568,(anonymous_12)
FNDA:0,(anonymous_13)
FNDA:0,(anonymous_14)
FNDA:0,(anonymous_15)
FNDA:8,(anonymous_16)
FNDA:43,(anonymous_17)
FNDA:1,(anonymous_18)
DA:1,1
DA:4,1
DA:5,1
DA:6,1
DA:7,1
DA:8,1
DA:9,1
DA:19,1
DA:20,1
DA:22,1
DA:23,1
DA:24,1498
DA:25,1498
DA:35,1
DA:36,176
DA:37,396
DA:38,396
DA:39,396
DA:42,176
DA:45,1
DA:46,62
DA:47,602
DA:48,602
DA:49,602
DA:51,62
DA:54,1
DA:55,88
DA:56,88
DA:57,704
DA:58,704
DA:59,704
DA:60,704
DA:61,5632
DA:62,5632
DA:71,704
DA:73,88
DA:75,88
DA:82,1
DA:83,176
DA:84,0
DA:86,176
DA:104,1
DA:110,88
DA:112,88
DA:114,88
DA:115,0
DA:119,1
DA:120,2100
DA:121,2100
DA:124,1
DA:143,6
DA:144,6
DA:148,568
DA:152,0
DA:156,0
DA:160,0
DA:164,8
DA:168,43
DA:181,43
DA:183,43
DA:195,1
DA:196,1
DA:197,1
DA:201,1
LF:64
LH:59
BRDA:24,1,0,1498
BRDA:24,1,1,0
BRDA:24,2,0,1498
BRDA:24,2,1,1498
BRDA:36,3,0,44
BRDA:36,3,1,132
BRDA:37,4,0,396
BRDA:37,4,1,0
BRDA:37,5,0,0
BRDA:37,5,1,0
BRDA:38,6,0,396
BRDA:38,6,1,0
BRDA:46,7,0,62
BRDA:46,7,1,0
BRDA:47,8,0,602
BRDA:47,8,1,0
BRDA:47,9,0,0
BRDA:47,9,1,0
BRDA:48,10,0,440
BRDA:48,10,1,162
BRDA:83,11,0,0
BRDA:83,11,1,176
BRDA:89,12,0,176
BRDA:89,12,1,0
BRDA:96,13,0,176
BRDA:96,13,1,0
BRDA:110,14,0,0
BRDA:110,14,1,88
BRDA:114,15,0,0
BRDA:114,15,1,88
BRDA:120,16,0,2100
BRDA:120,16,1,1862
BRDA:168,17,0,0
BRDA:168,17,1,43
BRF:34
BRH:19
end_of_record
TN:
SF:/home/urvish/summernote/src/js/lite/module/Toolbar.js
FN:1,(anonymous_1)
FN:2,(anonymous_2)
FN:6,(anonymous_3)
FN:19,(anonymous_4)
FNF:4
FNH:1
FNDA:1,(anonymous_1)
FNDA:0,(anonymous_2)
FNDA:0,(anonymous_3)
FNDA:0,(anonymous_4)
DA:1,1
DA:2,1
DA:3,0
DA:4,0
DA:6,0
DA:7,0
DA:19,0
DA:20,0
DA:24,1
LF:9
LH:3
BRF:0
BRH:0
end_of_record
TN:
SF:/home/urvish/summernote/src/js/lite/settings.js
FN:6,(anonymous_1)
FNF:1
FNH:0
FNDA:0,(anonymous_1)
DA:1,0
DA:7,0
LF:2
LH:0
BRF:0
BRH:0
end_of_record
TN:
SF:/home/urvish/summernote/src/js/lite/ui.js
FN:3,(anonymous_1)
FN:13,(anonymous_2)
FNF:2
FNH:1
FNDA:1,(anonymous_1)
FNDA:0,(anonymous_2)
DA:1,1
DA:4,1
DA:14,0
DA:22,0
DA:24,0
DA:34,1
LF:6
LH:3
BRF:0
BRH:0
end_of_record
TN:
SF:/home/urvish/summernote/src/js/summernote.js
FN:5,(anonymous_1)
FN:13,(anonymous_2)
FN:24,(anonymous_3)
FNF:3
FNH:0
FNDA:0,(anonymous_1)
FNDA:0,(anonymous_2)
FNDA:0,(anonymous_3)
DA:1,0
DA:6,0
DA:14,0
DA:15,0
DA:16,0
DA:18,0
DA:20,0
DA:21,0
DA:22,0
DA:24,0
DA:25,0
DA:26,0
DA:27,0
DA:28,0
DA:29,0
DA:33,0
DA:34,0
DA:35,0
DA:36,0
DA:37,0
DA:38,0
DA:39,0
DA:43,0
LF:23
LH:0
BRDA:18,1,0,0
BRDA:18,1,1,0
BRDA:26,2,0,0
BRDA:26,2,1,0
BRDA:34,3,0,0
BRDA:34,3,1,0
BRDA:36,4,0,0
BRDA:36,4,1,0
BRDA:38,5,0,0
BRDA:38,5,1,0
BRF:10
BRH:0
end_of_record
